Mensaje I / 00:00:00:000 / Root(00) para top(01)
Mensaje I / 00:00:00:000 / top(01) para cola(02)
Mensaje D / 00:00:00:000 / cola(02) / ... para top(01)
Mensaje D / 00:00:00:000 / top(01) / ... para Root(00)
Mensaje X / 00:01:00:000 / Root(00) / dame /      1.00000 para top(01)
Mensaje X / 00:01:00:000 / top(01) / dame /      1.00000 para cola(02)
Mensaje D / 00:01:00:000 / cola(02) / ... para top(01)
Mensaje D / 00:01:00:000 / top(01) / ... para Root(00)
Mensaje X / 00:02:00:000 / Root(00) / in /      3.00000 para top(01)
Mensaje X / 00:02:00:000 / top(01) / in /      3.00000 para cola(02)
Mensaje D / 00:02:00:000 / cola(02) / ... para top(01)
Mensaje D / 00:02:00:000 / top(01) / ... para Root(00)
Mensaje X / 00:02:30:000 / Root(00) / in /     11.00000 para top(01)
Mensaje X / 00:02:30:000 / top(01) / in /     11.00000 para cola(02)
Mensaje D / 00:02:30:000 / cola(02) / ... para top(01)
Mensaje D / 00:02:30:000 / top(01) / ... para Root(00)
Mensaje X / 00:03:30:000 / Root(00) / in /     13.00000 para top(01)
Mensaje X / 00:03:30:000 / top(01) / in /     13.00000 para cola(02)
Mensaje D / 00:03:30:000 / cola(02) / ... para top(01)
Mensaje D / 00:03:30:000 / top(01) / ... para Root(00)
Mensaje X / 00:05:00:000 / Root(00) / in /      2.00000 para top(01)
Mensaje X / 00:05:00:000 / top(01) / in /      2.00000 para cola(02)
Mensaje D / 00:05:00:000 / cola(02) / ... para top(01)
Mensaje D / 00:05:00:000 / top(01) / ... para Root(00)
Mensaje X / 00:06:00:000 / Root(00) / dame /      1.00000 para top(01)
Mensaje X / 00:06:00:000 / top(01) / dame /      1.00000 para cola(02)
Mensaje D / 00:06:00:000 / cola(02) / 00:00:00:050 para top(01)
Mensaje D / 00:06:00:000 / top(01) / 00:00:00:050 para Root(00)
Mensaje * / 00:06:00:050 / Root(00) para top(01)
Mensaje * / 00:06:00:050 / top(01) para cola(02)
Mensaje Y / 00:06:00:050 / cola(02) / out /      3.00000 para top(01)
Mensaje D / 00:06:00:050 / cola(02) / ... para top(01)
Mensaje Y / 00:06:00:050 / top(01) / out /      3.00000 para Root(00)
Mensaje D / 00:06:00:050 / top(01) / ... para Root(00)
Mensaje X / 00:07:00:000 / Root(00) / dame /      1.00000 para top(01)
Mensaje X / 00:07:00:000 / top(01) / dame /      1.00000 para cola(02)
Mensaje D / 00:07:00:000 / cola(02) / 00:00:00:050 para top(01)
Mensaje D / 00:07:00:000 / top(01) / 00:00:00:050 para Root(00)
Mensaje * / 00:07:00:050 / Root(00) para top(01)
Mensaje * / 00:07:00:050 / top(01) para cola(02)
Mensaje Y / 00:07:00:050 / cola(02) / out /     11.00000 para top(01)
Mensaje D / 00:07:00:050 / cola(02) / ... para top(01)
Mensaje Y / 00:07:00:050 / top(01) / out /     11.00000 para Root(00)
Mensaje D / 00:07:00:050 / top(01) / ... para Root(00)
Mensaje X / 00:07:30:000 / Root(00) / in /      1.00000 para top(01)
Mensaje X / 00:07:30:000 / top(01) / in /      1.00000 para cola(02)
Mensaje D / 00:07:30:000 / cola(02) / ... para top(01)
Mensaje D / 00:07:30:000 / top(01) / ... para Root(00)
Mensaje X / 00:08:00:000 / Root(00) / dame /      1.00000 para top(01)
Mensaje X / 00:08:00:000 / top(01) / dame /      1.00000 para cola(02)
Mensaje D / 00:08:00:000 / cola(02) / 00:00:00:050 para top(01)
Mensaje D / 00:08:00:000 / top(01) / 00:00:00:050 para Root(00)
Mensaje X / 00:08:00:050 / Root(00) / in /     12.00000 para top(01)
Mensaje X / 00:08:00:050 / top(01) / in /     12.00000 para cola(02)
Mensaje D / 00:08:00:050 / cola(02) / 00:00:00:000 para top(01)
Mensaje D / 00:08:00:050 / top(01) / 00:00:00:000 para Root(00)
Mensaje * / 00:08:00:050 / Root(00) para top(01)
Mensaje * / 00:08:00:050 / top(01) para cola(02)
Mensaje Y / 00:08:00:050 / cola(02) / out /     13.00000 para top(01)
Mensaje D / 00:08:00:050 / cola(02) / ... para top(01)
Mensaje Y / 00:08:00:050 / top(01) / out /     13.00000 para Root(00)
Mensaje D / 00:08:00:050 / top(01) / ... para Root(00)
Mensaje X / 00:09:00:000 / Root(00) / dame /      1.00000 para top(01)
Mensaje X / 00:09:00:000 / top(01) / dame /      1.00000 para cola(02)
Mensaje D / 00:09:00:000 / cola(02) / 00:00:00:050 para top(01)
Mensaje D / 00:09:00:000 / top(01) / 00:00:00:050 para Root(00)
Mensaje * / 00:09:00:050 / Root(00) para top(01)
Mensaje * / 00:09:00:050 / top(01) para cola(02)
Mensaje Y / 00:09:00:050 / cola(02) / out /      2.00000 para top(01)
Mensaje D / 00:09:00:050 / cola(02) / ... para top(01)
Mensaje Y / 00:09:00:050 / top(01) / out /      2.00000 para Root(00)
Mensaje D / 00:09:00:050 / top(01) / ... para Root(00)
Mensaje X / 00:15:00:000 / Root(00) / dame /      1.00000 para top(01)
Mensaje X / 00:15:00:000 / top(01) / dame /      1.00000 para cola(02)
Mensaje D / 00:15:00:000 / cola(02) / 00:00:00:050 para top(01)
Mensaje D / 00:15:00:000 / top(01) / 00:00:00:050 para Root(00)
Mensaje * / 00:15:00:050 / Root(00) para top(01)
Mensaje * / 00:15:00:050 / top(01) para cola(02)
Mensaje Y / 00:15:00:050 / cola(02) / out /      1.00000 para top(01)
Mensaje D / 00:15:00:050 / cola(02) / ... para top(01)
Mensaje Y / 00:15:00:050 / top(01) / out /      1.00000 para Root(00)
Mensaje D / 00:15:00:050 / top(01) / ... para Root(00)
Mensaje X / 00:30:00:000 / Root(00) / dame /      1.00000 para top(01)
Mensaje X / 00:30:00:000 / top(01) / dame /      1.00000 para cola(02)
Mensaje D / 00:30:00:000 / cola(02) / 00:00:00:050 para top(01)
Mensaje D / 00:30:00:000 / top(01) / 00:00:00:050 para Root(00)
Mensaje * / 00:30:00:050 / Root(00) para top(01)
Mensaje * / 00:30:00:050 / top(01) para cola(02)
Mensaje Y / 00:30:00:050 / cola(02) / out /     12.00000 para top(01)
Mensaje D / 00:30:00:050 / cola(02) / ... para top(01)
Mensaje Y / 00:30:00:050 / top(01) / out /     12.00000 para Root(00)
Mensaje D / 00:30:00:050 / top(01) / ... para Root(00)
Mensaje X / 01:00:00:000 / Root(00) / dame /      1.00000 para top(01)
Mensaje X / 01:00:00:000 / top(01) / dame /      1.00000 para cola(02)
Mensaje D / 01:00:00:000 / cola(02) / ... para top(01)
Mensaje D / 01:00:00:000 / top(01) / ... para Root(00)
