Mensaje I / 00:00:00:000 / Root(00) para top(01)
Mensaje I / 00:00:00:000 / top(01) para adm(02)
Mensaje I / 00:00:00:000 / top(01) para lugar1(03)
Mensaje I / 00:00:00:000 / top(01) para lugar2(04)
Mensaje I / 00:00:00:000 / top(01) para lugar3(05)
Mensaje I / 00:00:00:000 / top(01) para lugar4(06)
Mensaje I / 00:00:00:000 / top(01) para lugar5(07)
Mensaje I / 00:00:00:000 / top(01) para lugar6(08)
Mensaje I / 00:00:00:000 / top(01) para lugar7(09)
Mensaje I / 00:00:00:000 / top(01) para lugar8(10)
Mensaje I / 00:00:00:000 / top(01) para lugar9(11)
Mensaje I / 00:00:00:000 / top(01) para lugar10(12)
Mensaje D / 00:00:00:000 / adm(02) / ... para top(01)
Mensaje D / 00:00:00:000 / lugar1(03) / ... para top(01)
Mensaje D / 00:00:00:000 / lugar2(04) / ... para top(01)
Mensaje D / 00:00:00:000 / lugar3(05) / ... para top(01)
Mensaje D / 00:00:00:000 / lugar4(06) / ... para top(01)
Mensaje D / 00:00:00:000 / lugar5(07) / ... para top(01)
Mensaje D / 00:00:00:000 / lugar6(08) / ... para top(01)
Mensaje D / 00:00:00:000 / lugar7(09) / ... para top(01)
Mensaje D / 00:00:00:000 / lugar8(10) / ... para top(01)
Mensaje D / 00:00:00:000 / lugar9(11) / ... para top(01)
Mensaje D / 00:00:00:000 / lugar10(12) / ... para top(01)
Mensaje D / 00:00:00:000 / top(01) / ... para Root(00)
Mensaje X / 00:01:00:000 / Root(00) / in /     60.00000 para top(01)
Mensaje X / 00:01:00:000 / top(01) / inpizzero /     60.00000 para adm(02)
Mensaje D / 00:01:00:000 / adm(02) / 00:00:00:000 para top(01)
Mensaje D / 00:01:00:000 / top(01) / 00:00:00:000 para Root(00)
Mensaje * / 00:01:00:000 / Root(00) para top(01)
Mensaje * / 00:01:00:000 / top(01) para adm(02)
Mensaje Y / 00:01:00:000 / adm(02) / outpizzero /      0.00000 para top(01)
Mensaje D / 00:01:00:000 / adm(02) / ... para top(01)
Mensaje Y / 00:01:00:000 / top(01) / out /      0.00000 para Root(00)
Mensaje D / 00:01:00:000 / top(01) / ... para Root(00)
Mensaje X / 00:02:00:000 / Root(00) / in /     50.00000 para top(01)
Mensaje X / 00:02:00:000 / top(01) / inpizzero /     50.00000 para adm(02)
Mensaje D / 00:02:00:000 / adm(02) / 00:00:00:000 para top(01)
Mensaje D / 00:02:00:000 / top(01) / 00:00:00:000 para Root(00)
Mensaje * / 00:02:00:000 / Root(00) para top(01)
Mensaje * / 00:02:00:000 / top(01) para adm(02)
Mensaje Y / 00:02:00:000 / adm(02) / outpizzero /      1.00000 para top(01)
Mensaje D / 00:02:00:000 / adm(02) / ... para top(01)
Mensaje Y / 00:02:00:000 / top(01) / out /      1.00000 para Root(00)
Mensaje D / 00:02:00:000 / top(01) / ... para Root(00)
Mensaje X / 00:02:30:000 / Root(00) / in /     11.00000 para top(01)
Mensaje X / 00:02:30:000 / top(01) / inpizzero /     11.00000 para adm(02)
Mensaje D / 00:02:30:000 / adm(02) / 00:00:00:000 para top(01)
Mensaje D / 00:02:30:000 / top(01) / 00:00:00:000 para Root(00)
Mensaje * / 00:02:30:000 / Root(00) para top(01)
Mensaje * / 00:02:30:000 / top(01) para adm(02)
Mensaje Y / 00:02:30:000 / adm(02) / outlugar1 /      1.00000 para top(01)
Mensaje D / 00:02:30:000 / adm(02) / ... para top(01)
Mensaje X / 00:02:30:000 / top(01) / in /      1.00000 para lugar1(03)
Mensaje D / 00:02:30:000 / lugar1(03) / 00:07:31:000 para top(01)
Mensaje D / 00:02:30:000 / top(01) / 00:07:31:000 para Root(00)
Mensaje X / 00:03:30:000 / Root(00) / in /     50.00000 para top(01)
Mensaje X / 00:03:30:000 / top(01) / inpizzero /     50.00000 para adm(02)
Mensaje D / 00:03:30:000 / adm(02) / 00:00:00:000 para top(01)
Mensaje D / 00:03:30:000 / top(01) / 00:00:00:000 para Root(00)
Mensaje * / 00:03:30:000 / Root(00) para top(01)
Mensaje * / 00:03:30:000 / top(01) para adm(02)
Mensaje Y / 00:03:30:000 / adm(02) / outpizzero /      1.00000 para top(01)
Mensaje D / 00:03:30:000 / adm(02) / ... para top(01)
Mensaje Y / 00:03:30:000 / top(01) / out /      1.00000 para Root(00)
Mensaje D / 00:03:30:000 / top(01) / 00:06:31:000 para Root(00)
Mensaje X / 00:05:00:000 / Root(00) / in /      2.00000 para top(01)
Mensaje X / 00:05:00:000 / top(01) / inpizzero /      2.00000 para adm(02)
Mensaje D / 00:05:00:000 / adm(02) / 00:00:00:000 para top(01)
Mensaje D / 00:05:00:000 / top(01) / 00:00:00:000 para Root(00)
Mensaje * / 00:05:00:000 / Root(00) para top(01)
Mensaje * / 00:05:00:000 / top(01) para adm(02)
Mensaje Y / 00:05:00:000 / adm(02) / outlugar2 /      1.00000 para top(01)
Mensaje D / 00:05:00:000 / adm(02) / ... para top(01)
Mensaje X / 00:05:00:000 / top(01) / in /      1.00000 para lugar2(04)
Mensaje D / 00:05:00:000 / lugar2(04) / 00:07:54:000 para top(01)
Mensaje D / 00:05:00:000 / top(01) / 00:05:01:000 para Root(00)
Mensaje X / 00:06:00:000 / Root(00) / in /     50.00000 para top(01)
Mensaje X / 00:06:00:000 / top(01) / inpizzero /     50.00000 para adm(02)
Mensaje D / 00:06:00:000 / adm(02) / 00:00:00:000 para top(01)
Mensaje D / 00:06:00:000 / top(01) / 00:00:00:000 para Root(00)
Mensaje * / 00:06:00:000 / Root(00) para top(01)
Mensaje * / 00:06:00:000 / top(01) para adm(02)
Mensaje Y / 00:06:00:000 / adm(02) / outpizzero /      1.00000 para top(01)
Mensaje D / 00:06:00:000 / adm(02) / ... para top(01)
Mensaje Y / 00:06:00:000 / top(01) / out /      1.00000 para Root(00)
Mensaje D / 00:06:00:000 / top(01) / 00:04:01:000 para Root(00)
Mensaje X / 00:07:00:000 / Root(00) / in /      1.00000 para top(01)
Mensaje X / 00:07:00:000 / top(01) / inpizzero /      1.00000 para adm(02)
Mensaje D / 00:07:00:000 / adm(02) / 00:00:00:000 para top(01)
Mensaje D / 00:07:00:000 / top(01) / 00:00:00:000 para Root(00)
Mensaje * / 00:07:00:000 / Root(00) para top(01)
Mensaje * / 00:07:00:000 / top(01) para adm(02)
Mensaje Y / 00:07:00:000 / adm(02) / outlugar3 /      1.00000 para top(01)
Mensaje D / 00:07:00:000 / adm(02) / ... para top(01)
Mensaje X / 00:07:00:000 / top(01) / in /      1.00000 para lugar3(05)
Mensaje D / 00:07:00:000 / lugar3(05) / 00:07:52:000 para top(01)
Mensaje D / 00:07:00:000 / top(01) / 00:03:01:000 para Root(00)
Mensaje X / 00:07:30:000 / Root(00) / in /     50.00000 para top(01)
Mensaje X / 00:07:30:000 / top(01) / inpizzero /     50.00000 para adm(02)
Mensaje D / 00:07:30:000 / adm(02) / 00:00:00:000 para top(01)
Mensaje D / 00:07:30:000 / top(01) / 00:00:00:000 para Root(00)
Mensaje * / 00:07:30:000 / Root(00) para top(01)
Mensaje * / 00:07:30:000 / top(01) para adm(02)
Mensaje Y / 00:07:30:000 / adm(02) / outpizzero /      1.00000 para top(01)
Mensaje D / 00:07:30:000 / adm(02) / ... para top(01)
Mensaje Y / 00:07:30:000 / top(01) / out /      1.00000 para Root(00)
Mensaje D / 00:07:30:000 / top(01) / 00:02:31:000 para Root(00)
Mensaje X / 00:08:00:000 / Root(00) / in /     13.00000 para top(01)
Mensaje X / 00:08:00:000 / top(01) / inpizzero /     13.00000 para adm(02)
Mensaje D / 00:08:00:000 / adm(02) / 00:00:00:000 para top(01)
Mensaje D / 00:08:00:000 / top(01) / 00:00:00:000 para Root(00)
Mensaje * / 00:08:00:000 / Root(00) para top(01)
Mensaje * / 00:08:00:000 / top(01) para adm(02)
Mensaje Y / 00:08:00:000 / adm(02) / outlugar4 /      1.00000 para top(01)
Mensaje D / 00:08:00:000 / adm(02) / ... para top(01)
Mensaje X / 00:08:00:000 / top(01) / in /      1.00000 para lugar4(06)
Mensaje D / 00:08:00:000 / lugar4(06) / 00:07:55:000 para top(01)
Mensaje D / 00:08:00:000 / top(01) / 00:02:01:000 para Root(00)
Mensaje X / 00:08:00:050 / Root(00) / in /     50.00000 para top(01)
Mensaje X / 00:08:00:050 / top(01) / inpizzero /     50.00000 para adm(02)
Mensaje D / 00:08:00:050 / adm(02) / 00:00:00:000 para top(01)
Mensaje D / 00:08:00:050 / top(01) / 00:00:00:000 para Root(00)
Mensaje * / 00:08:00:050 / Root(00) para top(01)
Mensaje * / 00:08:00:050 / top(01) para adm(02)
Mensaje Y / 00:08:00:050 / adm(02) / outpizzero /      1.00000 para top(01)
Mensaje D / 00:08:00:050 / adm(02) / ... para top(01)
Mensaje Y / 00:08:00:050 / top(01) / out /      1.00000 para Root(00)
Mensaje D / 00:08:00:050 / top(01) / 00:02:00:950 para Root(00)
Mensaje X / 00:09:00:000 / Root(00) / in /     12.00000 para top(01)
Mensaje X / 00:09:00:000 / top(01) / inpizzero /     12.00000 para adm(02)
Mensaje D / 00:09:00:000 / adm(02) / 00:00:00:000 para top(01)
Mensaje D / 00:09:00:000 / top(01) / 00:00:00:000 para Root(00)
Mensaje * / 00:09:00:000 / Root(00) para top(01)
Mensaje * / 00:09:00:000 / top(01) para adm(02)
Mensaje Y / 00:09:00:000 / adm(02) / outlugar5 /      1.00000 para top(01)
Mensaje D / 00:09:00:000 / adm(02) / ... para top(01)
Mensaje X / 00:09:00:000 / top(01) / in /      1.00000 para lugar5(07)
Mensaje D / 00:09:00:000 / lugar5(07) / 00:07:35:000 para top(01)
Mensaje D / 00:09:00:000 / top(01) / 00:01:01:000 para Root(00)
Mensaje * / 00:10:01:000 / Root(00) para top(01)
Mensaje * / 00:10:01:000 / top(01) para lugar1(03)
Mensaje Y / 00:10:01:000 / lugar1(03) / out /      1.00000 para top(01)
Mensaje D / 00:10:01:000 / lugar1(03) / ... para top(01)
Mensaje X / 00:10:01:000 / top(01) / inlugar1 /      1.00000 para adm(02)
Mensaje D / 00:10:01:000 / adm(02) / ... para top(01)
Mensaje D / 00:10:01:000 / top(01) / 00:02:53:000 para Root(00)
Mensaje * / 00:12:54:000 / Root(00) para top(01)
Mensaje * / 00:12:54:000 / top(01) para lugar2(04)
Mensaje Y / 00:12:54:000 / lugar2(04) / out /      1.00000 para top(01)
Mensaje D / 00:12:54:000 / lugar2(04) / ... para top(01)
Mensaje X / 00:12:54:000 / top(01) / inlugar2 /      1.00000 para adm(02)
Mensaje D / 00:12:54:000 / adm(02) / ... para top(01)
Mensaje D / 00:12:54:000 / top(01) / 00:01:58:000 para Root(00)
Mensaje * / 00:14:52:000 / Root(00) para top(01)
Mensaje * / 00:14:52:000 / top(01) para lugar3(05)
Mensaje Y / 00:14:52:000 / lugar3(05) / out /      1.00000 para top(01)
Mensaje D / 00:14:52:000 / lugar3(05) / ... para top(01)
Mensaje X / 00:14:52:000 / top(01) / inlugar3 /      1.00000 para adm(02)
Mensaje D / 00:14:52:000 / adm(02) / ... para top(01)
Mensaje D / 00:14:52:000 / top(01) / 00:01:03:000 para Root(00)
Mensaje X / 00:15:00:000 / Root(00) / in /     60.00000 para top(01)
Mensaje X / 00:15:00:000 / top(01) / inpizzero /     60.00000 para adm(02)
Mensaje D / 00:15:00:000 / adm(02) / 00:00:00:000 para top(01)
Mensaje D / 00:15:00:000 / top(01) / 00:00:00:000 para Root(00)
Mensaje * / 00:15:00:000 / Root(00) para top(01)
Mensaje * / 00:15:00:000 / top(01) para adm(02)
Mensaje Y / 00:15:00:000 / adm(02) / outpizzero /     11.00000 para top(01)
Mensaje D / 00:15:00:000 / adm(02) / ... para top(01)
Mensaje Y / 00:15:00:000 / top(01) / out /     11.00000 para Root(00)
Mensaje D / 00:15:00:000 / top(01) / 00:00:55:000 para Root(00)
Mensaje * / 00:15:55:000 / Root(00) para top(01)
Mensaje * / 00:15:55:000 / top(01) para lugar4(06)
Mensaje Y / 00:15:55:000 / lugar4(06) / out /      1.00000 para top(01)
Mensaje D / 00:15:55:000 / lugar4(06) / ... para top(01)
Mensaje X / 00:15:55:000 / top(01) / inlugar4 /      1.00000 para adm(02)
Mensaje D / 00:15:55:000 / adm(02) / ... para top(01)
Mensaje D / 00:15:55:000 / top(01) / 00:00:40:000 para Root(00)
Mensaje X / 00:16:00:050 / Root(00) / in /     50.00000 para top(01)
Mensaje X / 00:16:00:050 / top(01) / inpizzero /     50.00000 para adm(02)
Mensaje D / 00:16:00:050 / adm(02) / 00:00:00:000 para top(01)
Mensaje D / 00:16:00:050 / top(01) / 00:00:00:000 para Root(00)
Mensaje * / 00:16:00:050 / Root(00) para top(01)
Mensaje * / 00:16:00:050 / top(01) para adm(02)
Mensaje Y / 00:16:00:050 / adm(02) / outpizzero /      1.00000 para top(01)
Mensaje D / 00:16:00:050 / adm(02) / ... para top(01)
Mensaje Y / 00:16:00:050 / top(01) / out /      1.00000 para Root(00)
Mensaje D / 00:16:00:050 / top(01) / 00:00:34:950 para Root(00)
Mensaje X / 00:16:10:000 / Root(00) / in /      3.00000 para top(01)
Mensaje X / 00:16:10:000 / top(01) / inpizzero /      3.00000 para adm(02)
Mensaje D / 00:16:10:000 / adm(02) / 00:00:00:000 para top(01)
Mensaje D / 00:16:10:000 / top(01) / 00:00:00:000 para Root(00)
Mensaje * / 00:16:10:000 / Root(00) para top(01)
Mensaje * / 00:16:10:000 / top(01) para adm(02)
Mensaje Y / 00:16:10:000 / adm(02) / outlugar1 /      1.00000 para top(01)
Mensaje D / 00:16:10:000 / adm(02) / ... para top(01)
Mensaje X / 00:16:10:000 / top(01) / in /      1.00000 para lugar1(03)
Mensaje D / 00:16:10:000 / lugar1(03) / 00:07:31:000 para top(01)
Mensaje D / 00:16:10:000 / top(01) / 00:00:25:000 para Root(00)
Mensaje * / 00:16:35:000 / Root(00) para top(01)
Mensaje * / 00:16:35:000 / top(01) para lugar5(07)
Mensaje Y / 00:16:35:000 / lugar5(07) / out /      1.00000 para top(01)
Mensaje D / 00:16:35:000 / lugar5(07) / ... para top(01)
Mensaje X / 00:16:35:000 / top(01) / inlugar5 /      1.00000 para adm(02)
Mensaje D / 00:16:35:000 / adm(02) / ... para top(01)
Mensaje D / 00:16:35:000 / top(01) / 00:07:06:000 para Root(00)
Mensaje X / 00:17:00:050 / Root(00) / in /     50.00000 para top(01)
Mensaje X / 00:17:00:050 / top(01) / inpizzero /     50.00000 para adm(02)
Mensaje D / 00:17:00:050 / adm(02) / 00:00:00:000 para top(01)
Mensaje D / 00:17:00:050 / top(01) / 00:00:00:000 para Root(00)
Mensaje * / 00:17:00:050 / Root(00) para top(01)
Mensaje * / 00:17:00:050 / top(01) para adm(02)
Mensaje Y / 00:17:00:050 / adm(02) / outpizzero /      1.00000 para top(01)
Mensaje D / 00:17:00:050 / adm(02) / ... para top(01)
Mensaje Y / 00:17:00:050 / top(01) / out /      1.00000 para Root(00)
Mensaje D / 00:17:00:050 / top(01) / 00:06:40:950 para Root(00)
Mensaje X / 00:17:10:000 / Root(00) / in /      3.00000 para top(01)
Mensaje X / 00:17:10:000 / top(01) / inpizzero /      3.00000 para adm(02)
Mensaje D / 00:17:10:000 / adm(02) / 00:00:00:000 para top(01)
Mensaje D / 00:17:10:000 / top(01) / 00:00:00:000 para Root(00)
Mensaje * / 00:17:10:000 / Root(00) para top(01)
Mensaje * / 00:17:10:000 / top(01) para adm(02)
Mensaje Y / 00:17:10:000 / adm(02) / outlugar6 /      1.00000 para top(01)
Mensaje D / 00:17:10:000 / adm(02) / ... para top(01)
Mensaje X / 00:17:10:000 / top(01) / in /      1.00000 para lugar6(08)
Mensaje D / 00:17:10:000 / lugar6(08) / 00:07:02:000 para top(01)
Mensaje D / 00:17:10:000 / top(01) / 00:06:31:000 para Root(00)
Mensaje X / 00:18:00:050 / Root(00) / in /     50.00000 para top(01)
Mensaje X / 00:18:00:050 / top(01) / inpizzero /     50.00000 para adm(02)
Mensaje D / 00:18:00:050 / adm(02) / 00:00:00:000 para top(01)
Mensaje D / 00:18:00:050 / top(01) / 00:00:00:000 para Root(00)
Mensaje * / 00:18:00:050 / Root(00) para top(01)
Mensaje * / 00:18:00:050 / top(01) para adm(02)
Mensaje Y / 00:18:00:050 / adm(02) / outpizzero /      1.00000 para top(01)
Mensaje D / 00:18:00:050 / adm(02) / ... para top(01)
Mensaje Y / 00:18:00:050 / top(01) / out /      1.00000 para Root(00)
Mensaje D / 00:18:00:050 / top(01) / 00:05:40:950 para Root(00)
Mensaje X / 00:18:10:000 / Root(00) / in /      3.00000 para top(01)
Mensaje X / 00:18:10:000 / top(01) / inpizzero /      3.00000 para adm(02)
Mensaje D / 00:18:10:000 / adm(02) / 00:00:00:000 para top(01)
Mensaje D / 00:18:10:000 / top(01) / 00:00:00:000 para Root(00)
Mensaje * / 00:18:10:000 / Root(00) para top(01)
Mensaje * / 00:18:10:000 / top(01) para adm(02)
Mensaje Y / 00:18:10:000 / adm(02) / outlugar7 /      1.00000 para top(01)
Mensaje D / 00:18:10:000 / adm(02) / ... para top(01)
Mensaje X / 00:18:10:000 / top(01) / in /      1.00000 para lugar7(09)
Mensaje D / 00:18:10:000 / lugar7(09) / 00:07:49:000 para top(01)
Mensaje D / 00:18:10:000 / top(01) / 00:05:31:000 para Root(00)
Mensaje X / 00:19:00:050 / Root(00) / in /     50.00000 para top(01)
Mensaje X / 00:19:00:050 / top(01) / inpizzero /     50.00000 para adm(02)
Mensaje D / 00:19:00:050 / adm(02) / 00:00:00:000 para top(01)
Mensaje D / 00:19:00:050 / top(01) / 00:00:00:000 para Root(00)
Mensaje * / 00:19:00:050 / Root(00) para top(01)
Mensaje * / 00:19:00:050 / top(01) para adm(02)
Mensaje Y / 00:19:00:050 / adm(02) / outpizzero /      1.00000 para top(01)
Mensaje D / 00:19:00:050 / adm(02) / ... para top(01)
Mensaje Y / 00:19:00:050 / top(01) / out /      1.00000 para Root(00)
Mensaje D / 00:19:00:050 / top(01) / 00:04:40:950 para Root(00)
Mensaje X / 00:19:10:000 / Root(00) / in /      3.00000 para top(01)
Mensaje X / 00:19:10:000 / top(01) / inpizzero /      3.00000 para adm(02)
Mensaje D / 00:19:10:000 / adm(02) / 00:00:00:000 para top(01)
Mensaje D / 00:19:10:000 / top(01) / 00:00:00:000 para Root(00)
Mensaje * / 00:19:10:000 / Root(00) para top(01)
Mensaje * / 00:19:10:000 / top(01) para adm(02)
Mensaje Y / 00:19:10:000 / adm(02) / outlugar8 /      1.00000 para top(01)
Mensaje D / 00:19:10:000 / adm(02) / ... para top(01)
Mensaje X / 00:19:10:000 / top(01) / in /      1.00000 para lugar8(10)
Mensaje D / 00:19:10:000 / lugar8(10) / 00:07:05:000 para top(01)
Mensaje D / 00:19:10:000 / top(01) / 00:04:31:000 para Root(00)
Mensaje X / 00:20:00:050 / Root(00) / in /     50.00000 para top(01)
Mensaje X / 00:20:00:050 / top(01) / inpizzero /     50.00000 para adm(02)
Mensaje D / 00:20:00:050 / adm(02) / 00:00:00:000 para top(01)
Mensaje D / 00:20:00:050 / top(01) / 00:00:00:000 para Root(00)
Mensaje * / 00:20:00:050 / Root(00) para top(01)
Mensaje * / 00:20:00:050 / top(01) para adm(02)
Mensaje Y / 00:20:00:050 / adm(02) / outpizzero /      1.00000 para top(01)
Mensaje D / 00:20:00:050 / adm(02) / ... para top(01)
Mensaje Y / 00:20:00:050 / top(01) / out /      1.00000 para Root(00)
Mensaje D / 00:20:00:050 / top(01) / 00:03:40:950 para Root(00)
Mensaje X / 00:20:10:000 / Root(00) / in /      3.00000 para top(01)
Mensaje X / 00:20:10:000 / top(01) / inpizzero /      3.00000 para adm(02)
Mensaje D / 00:20:10:000 / adm(02) / 00:00:00:000 para top(01)
Mensaje D / 00:20:10:000 / top(01) / 00:00:00:000 para Root(00)
Mensaje * / 00:20:10:000 / Root(00) para top(01)
Mensaje * / 00:20:10:000 / top(01) para adm(02)
Mensaje Y / 00:20:10:000 / adm(02) / outlugar9 /      1.00000 para top(01)
Mensaje D / 00:20:10:000 / adm(02) / ... para top(01)
Mensaje X / 00:20:10:000 / top(01) / in /      1.00000 para lugar9(11)
Mensaje D / 00:20:10:000 / lugar9(11) / 00:07:19:000 para top(01)
Mensaje D / 00:20:10:000 / top(01) / 00:03:31:000 para Root(00)
Mensaje X / 00:21:00:050 / Root(00) / in /     50.00000 para top(01)
Mensaje X / 00:21:00:050 / top(01) / inpizzero /     50.00000 para adm(02)
Mensaje D / 00:21:00:050 / adm(02) / 00:00:00:000 para top(01)
Mensaje D / 00:21:00:050 / top(01) / 00:00:00:000 para Root(00)
Mensaje * / 00:21:00:050 / Root(00) para top(01)
Mensaje * / 00:21:00:050 / top(01) para adm(02)
Mensaje Y / 00:21:00:050 / adm(02) / outpizzero /      1.00000 para top(01)
Mensaje D / 00:21:00:050 / adm(02) / ... para top(01)
Mensaje Y / 00:21:00:050 / top(01) / out /      1.00000 para Root(00)
Mensaje D / 00:21:00:050 / top(01) / 00:02:40:950 para Root(00)
Mensaje X / 00:21:10:000 / Root(00) / in /      3.00000 para top(01)
Mensaje X / 00:21:10:000 / top(01) / inpizzero /      3.00000 para adm(02)
Mensaje D / 00:21:10:000 / adm(02) / 00:00:00:000 para top(01)
Mensaje D / 00:21:10:000 / top(01) / 00:00:00:000 para Root(00)
Mensaje * / 00:21:10:000 / Root(00) para top(01)
Mensaje * / 00:21:10:000 / top(01) para adm(02)
Mensaje Y / 00:21:10:000 / adm(02) / outlugar10 /      1.00000 para top(01)
Mensaje D / 00:21:10:000 / adm(02) / ... para top(01)
Mensaje X / 00:21:10:000 / top(01) / in /      1.00000 para lugar10(12)
Mensaje D / 00:21:10:000 / lugar10(12) / 00:07:16:000 para top(01)
Mensaje D / 00:21:10:000 / top(01) / 00:02:31:000 para Root(00)
Mensaje X / 00:22:00:050 / Root(00) / in /     50.00000 para top(01)
Mensaje X / 00:22:00:050 / top(01) / inpizzero /     50.00000 para adm(02)
Mensaje D / 00:22:00:050 / adm(02) / 00:00:00:000 para top(01)
Mensaje D / 00:22:00:050 / top(01) / 00:00:00:000 para Root(00)
Mensaje * / 00:22:00:050 / Root(00) para top(01)
Mensaje * / 00:22:00:050 / top(01) para adm(02)
Mensaje Y / 00:22:00:050 / adm(02) / outpizzero /      0.00000 para top(01)
Mensaje D / 00:22:00:050 / adm(02) / ... para top(01)
Mensaje Y / 00:22:00:050 / top(01) / out /      0.00000 para Root(00)
Mensaje D / 00:22:00:050 / top(01) / 00:01:40:950 para Root(00)
Mensaje * / 00:23:41:000 / Root(00) para top(01)
Mensaje * / 00:23:41:000 / top(01) para lugar1(03)
Mensaje Y / 00:23:41:000 / lugar1(03) / out /      1.00000 para top(01)
Mensaje D / 00:23:41:000 / lugar1(03) / ... para top(01)
Mensaje X / 00:23:41:000 / top(01) / inlugar1 /      1.00000 para adm(02)
Mensaje D / 00:23:41:000 / adm(02) / ... para top(01)
Mensaje D / 00:23:41:000 / top(01) / 00:00:31:000 para Root(00)
Mensaje * / 00:24:12:000 / Root(00) para top(01)
Mensaje * / 00:24:12:000 / top(01) para lugar6(08)
Mensaje Y / 00:24:12:000 / lugar6(08) / out /      1.00000 para top(01)
Mensaje D / 00:24:12:000 / lugar6(08) / ... para top(01)
Mensaje X / 00:24:12:000 / top(01) / inlugar6 /      1.00000 para adm(02)
Mensaje D / 00:24:12:000 / adm(02) / ... para top(01)
Mensaje D / 00:24:12:000 / top(01) / 00:01:47:000 para Root(00)
Mensaje * / 00:25:59:000 / Root(00) para top(01)
Mensaje * / 00:25:59:000 / top(01) para lugar7(09)
Mensaje Y / 00:25:59:000 / lugar7(09) / out /      1.00000 para top(01)
Mensaje D / 00:25:59:000 / lugar7(09) / ... para top(01)
Mensaje X / 00:25:59:000 / top(01) / inlugar7 /      1.00000 para adm(02)
Mensaje D / 00:25:59:000 / adm(02) / ... para top(01)
Mensaje D / 00:25:59:000 / top(01) / 00:00:16:000 para Root(00)
Mensaje * / 00:26:15:000 / Root(00) para top(01)
Mensaje * / 00:26:15:000 / top(01) para lugar8(10)
Mensaje Y / 00:26:15:000 / lugar8(10) / out /      1.00000 para top(01)
Mensaje D / 00:26:15:000 / lugar8(10) / ... para top(01)
Mensaje X / 00:26:15:000 / top(01) / inlugar8 /      1.00000 para adm(02)
Mensaje D / 00:26:15:000 / adm(02) / ... para top(01)
Mensaje D / 00:26:15:000 / top(01) / 00:01:14:000 para Root(00)
Mensaje * / 00:27:29:000 / Root(00) para top(01)
Mensaje * / 00:27:29:000 / top(01) para lugar9(11)
Mensaje Y / 00:27:29:000 / lugar9(11) / out /      1.00000 para top(01)
Mensaje D / 00:27:29:000 / lugar9(11) / ... para top(01)
Mensaje X / 00:27:29:000 / top(01) / inlugar9 /      1.00000 para adm(02)
Mensaje D / 00:27:29:000 / adm(02) / ... para top(01)
Mensaje D / 00:27:29:000 / top(01) / 00:00:57:000 para Root(00)
Mensaje * / 00:28:26:000 / Root(00) para top(01)
Mensaje * / 00:28:26:000 / top(01) para lugar10(12)
Mensaje Y / 00:28:26:000 / lugar10(12) / out /      1.00000 para top(01)
Mensaje D / 00:28:26:000 / lugar10(12) / ... para top(01)
Mensaje X / 00:28:26:000 / top(01) / inlugar10 /      1.00000 para adm(02)
Mensaje D / 00:28:26:000 / adm(02) / ... para top(01)
Mensaje D / 00:28:26:000 / top(01) / ... para Root(00)
Mensaje X / 00:30:00:000 / Root(00) / in /     60.00000 para top(01)
Mensaje X / 00:30:00:000 / top(01) / inpizzero /     60.00000 para adm(02)
Mensaje D / 00:30:00:000 / adm(02) / 00:00:00:000 para top(01)
Mensaje D / 00:30:00:000 / top(01) / 00:00:00:000 para Root(00)
Mensaje * / 00:30:00:000 / Root(00) para top(01)
Mensaje * / 00:30:00:000 / top(01) para adm(02)
Mensaje Y / 00:30:00:000 / adm(02) / outpizzero /      3.00000 para top(01)
Mensaje D / 00:30:00:000 / adm(02) / ... para top(01)
Mensaje Y / 00:30:00:000 / top(01) / out /      3.00000 para Root(00)
Mensaje D / 00:30:00:000 / top(01) / ... para Root(00)
Mensaje X / 01:01:00:000 / Root(00) / in /     60.00000 para top(01)
Mensaje X / 01:01:00:000 / top(01) / inpizzero /     60.00000 para adm(02)
Mensaje D / 01:01:00:000 / adm(02) / 00:00:00:000 para top(01)
Mensaje D / 01:01:00:000 / top(01) / 00:00:00:000 para Root(00)
Mensaje * / 01:01:00:000 / Root(00) para top(01)
Mensaje * / 01:01:00:000 / top(01) para adm(02)
Mensaje Y / 01:01:00:000 / adm(02) / outpizzero /      2.00000 para top(01)
Mensaje D / 01:01:00:000 / adm(02) / ... para top(01)
Mensaje Y / 01:01:00:000 / top(01) / out /      2.00000 para Root(00)
Mensaje D / 01:01:00:000 / top(01) / ... para Root(00)
Mensaje X / 01:02:00:000 / Root(00) / in /     60.00000 para top(01)
Mensaje X / 01:02:00:000 / top(01) / inpizzero /     60.00000 para adm(02)
Mensaje D / 01:02:00:000 / adm(02) / 00:00:00:000 para top(01)
Mensaje D / 01:02:00:000 / top(01) / 00:00:00:000 para Root(00)
Mensaje * / 01:02:00:000 / Root(00) para top(01)
Mensaje * / 01:02:00:000 / top(01) para adm(02)
Mensaje Y / 01:02:00:000 / adm(02) / outpizzero /      1.00000 para top(01)
Mensaje D / 01:02:00:000 / adm(02) / ... para top(01)
Mensaje Y / 01:02:00:000 / top(01) / out /      1.00000 para Root(00)
Mensaje D / 01:02:00:000 / top(01) / ... para Root(00)
Mensaje X / 01:03:00:000 / Root(00) / in /     60.00000 para top(01)
Mensaje X / 01:03:00:000 / top(01) / inpizzero /     60.00000 para adm(02)
Mensaje D / 01:03:00:000 / adm(02) / 00:00:00:000 para top(01)
Mensaje D / 01:03:00:000 / top(01) / 00:00:00:000 para Root(00)
Mensaje * / 01:03:00:000 / Root(00) para top(01)
Mensaje * / 01:03:00:000 / top(01) para adm(02)
Mensaje Y / 01:03:00:000 / adm(02) / outpizzero /     13.00000 para top(01)
Mensaje D / 01:03:00:000 / adm(02) / ... para top(01)
Mensaje Y / 01:03:00:000 / top(01) / out /     13.00000 para Root(00)
Mensaje D / 01:03:00:000 / top(01) / ... para Root(00)
Mensaje X / 01:04:00:000 / Root(00) / in /     60.00000 para top(01)
Mensaje X / 01:04:00:000 / top(01) / inpizzero /     60.00000 para adm(02)
Mensaje D / 01:04:00:000 / adm(02) / 00:00:00:000 para top(01)
Mensaje D / 01:04:00:000 / top(01) / 00:00:00:000 para Root(00)
Mensaje * / 01:04:00:000 / Root(00) para top(01)
Mensaje * / 01:04:00:000 / top(01) para adm(02)
Mensaje Y / 01:04:00:000 / adm(02) / outpizzero /     12.00000 para top(01)
Mensaje D / 01:04:00:000 / adm(02) / ... para top(01)
Mensaje Y / 01:04:00:000 / top(01) / out /     12.00000 para Root(00)
Mensaje D / 01:04:00:000 / top(01) / ... para Root(00)
Mensaje X / 01:05:00:000 / Root(00) / in /     60.00000 para top(01)
Mensaje X / 01:05:00:000 / top(01) / inpizzero /     60.00000 para adm(02)
Mensaje D / 01:05:00:000 / adm(02) / 00:00:00:000 para top(01)
Mensaje D / 01:05:00:000 / top(01) / 00:00:00:000 para Root(00)
Mensaje * / 01:05:00:000 / Root(00) para top(01)
Mensaje * / 01:05:00:000 / top(01) para adm(02)
Mensaje Y / 01:05:00:000 / adm(02) / outpizzero /      3.00000 para top(01)
Mensaje D / 01:05:00:000 / adm(02) / ... para top(01)
Mensaje Y / 01:05:00:000 / top(01) / out /      3.00000 para Root(00)
Mensaje D / 01:05:00:000 / top(01) / ... para Root(00)
Mensaje X / 01:06:00:000 / Root(00) / in /     60.00000 para top(01)
Mensaje X / 01:06:00:000 / top(01) / inpizzero /     60.00000 para adm(02)
Mensaje D / 01:06:00:000 / adm(02) / 00:00:00:000 para top(01)
Mensaje D / 01:06:00:000 / top(01) / 00:00:00:000 para Root(00)
Mensaje * / 01:06:00:000 / Root(00) para top(01)
Mensaje * / 01:06:00:000 / top(01) para adm(02)
Mensaje Y / 01:06:00:000 / adm(02) / outpizzero /      3.00000 para top(01)
Mensaje D / 01:06:00:000 / adm(02) / ... para top(01)
Mensaje Y / 01:06:00:000 / top(01) / out /      3.00000 para Root(00)
Mensaje D / 01:06:00:000 / top(01) / ... para Root(00)
Mensaje X / 01:07:00:000 / Root(00) / in /     60.00000 para top(01)
Mensaje X / 01:07:00:000 / top(01) / inpizzero /     60.00000 para adm(02)
Mensaje D / 01:07:00:000 / adm(02) / 00:00:00:000 para top(01)
Mensaje D / 01:07:00:000 / top(01) / 00:00:00:000 para Root(00)
Mensaje * / 01:07:00:000 / Root(00) para top(01)
Mensaje * / 01:07:00:000 / top(01) para adm(02)
Mensaje Y / 01:07:00:000 / adm(02) / outpizzero /      3.00000 para top(01)
Mensaje D / 01:07:00:000 / adm(02) / ... para top(01)
Mensaje Y / 01:07:00:000 / top(01) / out /      3.00000 para Root(00)
Mensaje D / 01:07:00:000 / top(01) / ... para Root(00)
Mensaje X / 01:08:00:000 / Root(00) / in /     60.00000 para top(01)
Mensaje X / 01:08:00:000 / top(01) / inpizzero /     60.00000 para adm(02)
Mensaje D / 01:08:00:000 / adm(02) / 00:00:00:000 para top(01)
Mensaje D / 01:08:00:000 / top(01) / 00:00:00:000 para Root(00)
Mensaje * / 01:08:00:000 / Root(00) para top(01)
Mensaje * / 01:08:00:000 / top(01) para adm(02)
Mensaje Y / 01:08:00:000 / adm(02) / outpizzero /      3.00000 para top(01)
Mensaje D / 01:08:00:000 / adm(02) / ... para top(01)
Mensaje Y / 01:08:00:000 / top(01) / out /      3.00000 para Root(00)
Mensaje D / 01:08:00:000 / top(01) / ... para Root(00)
Mensaje X / 01:09:00:000 / Root(00) / in /     60.00000 para top(01)
Mensaje X / 01:09:00:000 / top(01) / inpizzero /     60.00000 para adm(02)
Mensaje D / 01:09:00:000 / adm(02) / 00:00:00:000 para top(01)
Mensaje D / 01:09:00:000 / top(01) / 00:00:00:000 para Root(00)
Mensaje * / 01:09:00:000 / Root(00) para top(01)
Mensaje * / 01:09:00:000 / top(01) para adm(02)
Mensaje Y / 01:09:00:000 / adm(02) / outpizzero /      3.00000 para top(01)
Mensaje D / 01:09:00:000 / adm(02) / ... para top(01)
Mensaje Y / 01:09:00:000 / top(01) / out /      3.00000 para Root(00)
Mensaje D / 01:09:00:000 / top(01) / ... para Root(00)
Mensaje X / 01:10:00:000 / Root(00) / in /     60.00000 para top(01)
Mensaje X / 01:10:00:000 / top(01) / inpizzero /     60.00000 para adm(02)
Mensaje D / 01:10:00:000 / adm(02) / 00:00:00:000 para top(01)
Mensaje D / 01:10:00:000 / top(01) / 00:00:00:000 para Root(00)
Mensaje * / 01:10:00:000 / Root(00) para top(01)
Mensaje * / 01:10:00:000 / top(01) para adm(02)
Mensaje Y / 01:10:00:000 / adm(02) / outpizzero /      0.00000 para top(01)
Mensaje D / 01:10:00:000 / adm(02) / ... para top(01)
Mensaje Y / 01:10:00:000 / top(01) / out /      0.00000 para Root(00)
Mensaje D / 01:10:00:000 / top(01) / ... para Root(00)
Mensaje X / 01:11:00:000 / Root(00) / in /     60.00000 para top(01)
Mensaje X / 01:11:00:000 / top(01) / inpizzero /     60.00000 para adm(02)
Mensaje D / 01:11:00:000 / adm(02) / 00:00:00:000 para top(01)
Mensaje D / 01:11:00:000 / top(01) / 00:00:00:000 para Root(00)
Mensaje * / 01:11:00:000 / Root(00) para top(01)
Mensaje * / 01:11:00:000 / top(01) para adm(02)
Mensaje Y / 01:11:00:000 / adm(02) / outpizzero /      0.00000 para top(01)
Mensaje D / 01:11:00:000 / adm(02) / ... para top(01)
Mensaje Y / 01:11:00:000 / top(01) / out /      0.00000 para Root(00)
Mensaje D / 01:11:00:000 / top(01) / ... para Root(00)
