Mensaje I / 00:00:00:000 / Root(00) para top(01)
Mensaje I / 00:00:00:000 / top(01) para lugar(02)
Mensaje D / 00:00:00:000 / lugar(02) / ... para top(01)
Mensaje D / 00:00:00:000 / top(01) / ... para Root(00)
Mensaje X / 00:02:00:000 / Root(00) / in /      1.00000 para top(01)
Mensaje X / 00:02:00:000 / top(01) / in /      1.00000 para lugar(02)
Mensaje D / 00:02:00:000 / lugar(02) / 00:07:31:000 para top(01)
Mensaje D / 00:02:00:000 / top(01) / 00:07:31:000 para Root(00)
Mensaje * / 00:09:31:000 / Root(00) para top(01)
Mensaje * / 00:09:31:000 / top(01) para lugar(02)
Mensaje Y / 00:09:31:000 / lugar(02) / out /      1.00000 para top(01)
Mensaje D / 00:09:31:000 / lugar(02) / ... para top(01)
Mensaje Y / 00:09:31:000 / top(01) / out /      1.00000 para Root(00)
Mensaje D / 00:09:31:000 / top(01) / ... para Root(00)
Mensaje X / 00:10:30:000 / Root(00) / in /      1.00000 para top(01)
Mensaje X / 00:10:30:000 / top(01) / in /      1.00000 para lugar(02)
Mensaje D / 00:10:30:000 / lugar(02) / 00:07:54:000 para top(01)
Mensaje D / 00:10:30:000 / top(01) / 00:07:54:000 para Root(00)
Mensaje * / 00:18:24:000 / Root(00) para top(01)
Mensaje * / 00:18:24:000 / top(01) para lugar(02)
Mensaje Y / 00:18:24:000 / lugar(02) / out /      1.00000 para top(01)
Mensaje D / 00:18:24:000 / lugar(02) / ... para top(01)
Mensaje Y / 00:18:24:000 / top(01) / out /      1.00000 para Root(00)
Mensaje D / 00:18:24:000 / top(01) / ... para Root(00)
Mensaje X / 00:20:00:050 / Root(00) / in /      1.00000 para top(01)
Mensaje X / 00:20:00:050 / top(01) / in /      1.00000 para lugar(02)
Mensaje D / 00:20:00:050 / lugar(02) / 00:07:52:000 para top(01)
Mensaje D / 00:20:00:050 / top(01) / 00:07:52:000 para Root(00)
Mensaje * / 00:27:52:050 / Root(00) para top(01)
Mensaje * / 00:27:52:050 / top(01) para lugar(02)
Mensaje Y / 00:27:52:050 / lugar(02) / out /      1.00000 para top(01)
Mensaje D / 00:27:52:050 / lugar(02) / ... para top(01)
Mensaje Y / 00:27:52:050 / top(01) / out /      1.00000 para Root(00)
Mensaje D / 00:27:52:050 / top(01) / ... para Root(00)
Mensaje X / 01:07:01:100 / Root(00) / in /      1.00000 para top(01)
Mensaje X / 01:07:01:100 / top(01) / in /      1.00000 para lugar(02)
Mensaje D / 01:07:01:100 / lugar(02) / 00:07:55:000 para top(01)
Mensaje D / 01:07:01:100 / top(01) / 00:07:55:000 para Root(00)
Mensaje * / 01:14:56:100 / Root(00) para top(01)
Mensaje * / 01:14:56:100 / top(01) para lugar(02)
Mensaje Y / 01:14:56:100 / lugar(02) / out /      1.00000 para top(01)
Mensaje D / 01:14:56:100 / lugar(02) / ... para top(01)
Mensaje Y / 01:14:56:100 / top(01) / out /      1.00000 para Root(00)
Mensaje D / 01:14:56:100 / top(01) / ... para Root(00)
