Mensaje I / 00:00:00:000 / Root(00) para top(01)
Mensaje I / 00:00:00:000 / top(01) para cola(02)
Mensaje I / 00:00:00:000 / top(01) para pizzero(03)
Mensaje I / 00:00:00:000 / top(01) para horno(04)
Mensaje D / 00:00:00:000 / cola(02) / ... para top(01)
Mensaje D / 00:00:00:000 / pizzero(03) / 00:00:00:000 para top(01)
Mensaje I / 00:00:00:000 / horno(04) para adm(05)
Mensaje I / 00:00:00:000 / horno(04) para lugar1(06)
Mensaje I / 00:00:00:000 / horno(04) para lugar2(07)
Mensaje I / 00:00:00:000 / horno(04) para lugar3(08)
Mensaje I / 00:00:00:000 / horno(04) para lugar4(09)
Mensaje I / 00:00:00:000 / horno(04) para lugar5(10)
Mensaje I / 00:00:00:000 / horno(04) para lugar6(11)
Mensaje I / 00:00:00:000 / horno(04) para lugar7(12)
Mensaje I / 00:00:00:000 / horno(04) para lugar8(13)
Mensaje I / 00:00:00:000 / horno(04) para lugar9(14)
Mensaje I / 00:00:00:000 / horno(04) para lugar10(15)
Mensaje D / 00:00:00:000 / adm(05) / ... para horno(04)
Mensaje D / 00:00:00:000 / lugar1(06) / ... para horno(04)
Mensaje D / 00:00:00:000 / lugar2(07) / ... para horno(04)
Mensaje D / 00:00:00:000 / lugar3(08) / ... para horno(04)
Mensaje D / 00:00:00:000 / lugar4(09) / ... para horno(04)
Mensaje D / 00:00:00:000 / lugar5(10) / ... para horno(04)
Mensaje D / 00:00:00:000 / lugar6(11) / ... para horno(04)
Mensaje D / 00:00:00:000 / lugar7(12) / ... para horno(04)
Mensaje D / 00:00:00:000 / lugar8(13) / ... para horno(04)
Mensaje D / 00:00:00:000 / lugar9(14) / ... para horno(04)
Mensaje D / 00:00:00:000 / lugar10(15) / ... para horno(04)
Mensaje D / 00:00:00:000 / horno(04) / ... para top(01)
Mensaje D / 00:00:00:000 / top(01) / 00:00:00:000 para Root(00)
Mensaje * / 00:00:00:000 / Root(00) para top(01)
Mensaje * / 00:00:00:000 / top(01) para pizzero(03)
Mensaje Y / 00:00:00:000 / pizzero(03) / outpedidos /      1.00000 para top(01)
Mensaje D / 00:00:00:000 / pizzero(03) / 00:00:30:000 para top(01)
Mensaje X / 00:00:00:000 / top(01) / dame /      1.00000 para cola(02)
Mensaje D / 00:00:00:000 / cola(02) / ... para top(01)
Mensaje D / 00:00:00:000 / top(01) / 00:00:30:000 para Root(00)
Mensaje * / 00:00:30:000 / Root(00) para top(01)
Mensaje * / 00:00:30:000 / top(01) para pizzero(03)
Mensaje Y / 00:00:30:000 / pizzero(03) / outpedidos /      1.00000 para top(01)
Mensaje D / 00:00:30:000 / pizzero(03) / 00:00:01:000 para top(01)
Mensaje X / 00:00:30:000 / top(01) / dame /      1.00000 para cola(02)
Mensaje D / 00:00:30:000 / cola(02) / ... para top(01)
Mensaje D / 00:00:30:000 / top(01) / 00:00:01:000 para Root(00)
Mensaje * / 00:00:31:000 / Root(00) para top(01)
Mensaje * / 00:00:31:000 / top(01) para pizzero(03)
Mensaje Y / 00:00:31:000 / pizzero(03) / outhorno /     60.00000 para top(01)
Mensaje D / 00:00:31:000 / pizzero(03) / 00:00:30:000 para top(01)
Mensaje X / 00:00:31:000 / top(01) / in /     60.00000 para horno(04)
Mensaje X / 00:00:31:000 / horno(04) / inpizzero /     60.00000 para adm(05)
Mensaje D / 00:00:31:000 / adm(05) / 00:00:00:000 para horno(04)
Mensaje D / 00:00:31:000 / horno(04) / 00:00:00:000 para top(01)
Mensaje D / 00:00:31:000 / top(01) / 00:00:00:000 para Root(00)
Mensaje * / 00:00:31:000 / Root(00) para top(01)
Mensaje * / 00:00:31:000 / top(01) para horno(04)
Mensaje * / 00:00:31:000 / horno(04) para adm(05)
Mensaje Y / 00:00:31:000 / adm(05) / outpizzero /      0.00000 para horno(04)
Mensaje D / 00:00:31:000 / adm(05) / ... para horno(04)
Mensaje Y / 00:00:31:000 / horno(04) / out /      0.00000 para top(01)
Mensaje D / 00:00:31:000 / horno(04) / ... para top(01)
Mensaje X / 00:00:31:000 / top(01) / inhorno /      0.00000 para pizzero(03)
Mensaje D / 00:00:31:000 / pizzero(03) / 00:00:03:000 para top(01)
Mensaje D / 00:00:31:000 / top(01) / 00:00:03:000 para Root(00)
Mensaje * / 00:00:34:000 / Root(00) para top(01)
Mensaje * / 00:00:34:000 / top(01) para pizzero(03)
Mensaje Y / 00:00:34:000 / pizzero(03) / outpedidos /      1.00000 para top(01)
Mensaje D / 00:00:34:000 / pizzero(03) / 00:00:01:000 para top(01)
Mensaje X / 00:00:34:000 / top(01) / dame /      1.00000 para cola(02)
Mensaje D / 00:00:34:000 / cola(02) / ... para top(01)
Mensaje D / 00:00:34:000 / top(01) / 00:00:01:000 para Root(00)
Mensaje * / 00:00:35:000 / Root(00) para top(01)
Mensaje * / 00:00:35:000 / top(01) para pizzero(03)
Mensaje D / 00:00:35:000 / pizzero(03) / 00:00:30:000 para top(01)
Mensaje D / 00:00:35:000 / top(01) / 00:00:30:000 para Root(00)
Mensaje * / 00:01:05:000 / Root(00) para top(01)
Mensaje * / 00:01:05:000 / top(01) para pizzero(03)
Mensaje Y / 00:01:05:000 / pizzero(03) / outhorno /     60.00000 para top(01)
Mensaje D / 00:01:05:000 / pizzero(03) / ... para top(01)
Mensaje X / 00:01:05:000 / top(01) / in /     60.00000 para horno(04)
Mensaje X / 00:01:05:000 / horno(04) / inpizzero /     60.00000 para adm(05)
Mensaje D / 00:01:05:000 / adm(05) / 00:00:00:000 para horno(04)
Mensaje D / 00:01:05:000 / horno(04) / 00:00:00:000 para top(01)
Mensaje D / 00:01:05:000 / top(01) / 00:00:00:000 para Root(00)
Mensaje * / 00:01:05:000 / Root(00) para top(01)
Mensaje * / 00:01:05:000 / top(01) para horno(04)
Mensaje * / 00:01:05:000 / horno(04) para adm(05)
Mensaje Y / 00:01:05:000 / adm(05) / outpizzero /      0.00000 para horno(04)
Mensaje D / 00:01:05:000 / adm(05) / ... para horno(04)
Mensaje Y / 00:01:05:000 / horno(04) / out /      0.00000 para top(01)
Mensaje D / 00:01:05:000 / horno(04) / ... para top(01)
Mensaje X / 00:01:05:000 / top(01) / inhorno /      0.00000 para pizzero(03)
Mensaje D / 00:01:05:000 / pizzero(03) / 00:00:03:000 para top(01)
Mensaje D / 00:01:05:000 / top(01) / 00:00:03:000 para Root(00)
Mensaje * / 00:01:08:000 / Root(00) para top(01)
Mensaje * / 00:01:08:000 / top(01) para pizzero(03)
Mensaje Y / 00:01:08:000 / pizzero(03) / outpedidos /      1.00000 para top(01)
Mensaje D / 00:01:08:000 / pizzero(03) / 00:00:01:000 para top(01)
Mensaje X / 00:01:08:000 / top(01) / dame /      1.00000 para cola(02)
Mensaje D / 00:01:08:000 / cola(02) / ... para top(01)
Mensaje D / 00:01:08:000 / top(01) / 00:00:01:000 para Root(00)
Mensaje * / 00:01:09:000 / Root(00) para top(01)
Mensaje * / 00:01:09:000 / top(01) para pizzero(03)
Mensaje D / 00:01:09:000 / pizzero(03) / 00:00:30:000 para top(01)
Mensaje D / 00:01:09:000 / top(01) / 00:00:30:000 para Root(00)
Mensaje X / 00:01:30:000 / Root(00) / in /      1.00000 para top(01)
Mensaje X / 00:01:30:000 / top(01) / in /      1.00000 para cola(02)
Mensaje D / 00:01:30:000 / cola(02) / ... para top(01)
Mensaje D / 00:01:30:000 / top(01) / 00:00:09:000 para Root(00)
Mensaje * / 00:01:39:000 / Root(00) para top(01)
Mensaje * / 00:01:39:000 / top(01) para pizzero(03)
Mensaje Y / 00:01:39:000 / pizzero(03) / outhorno /     60.00000 para top(01)
Mensaje D / 00:01:39:000 / pizzero(03) / ... para top(01)
Mensaje X / 00:01:39:000 / top(01) / in /     60.00000 para horno(04)
Mensaje X / 00:01:39:000 / horno(04) / inpizzero /     60.00000 para adm(05)
Mensaje D / 00:01:39:000 / adm(05) / 00:00:00:000 para horno(04)
Mensaje D / 00:01:39:000 / horno(04) / 00:00:00:000 para top(01)
Mensaje D / 00:01:39:000 / top(01) / 00:00:00:000 para Root(00)
Mensaje * / 00:01:39:000 / Root(00) para top(01)
Mensaje * / 00:01:39:000 / top(01) para horno(04)
Mensaje * / 00:01:39:000 / horno(04) para adm(05)
Mensaje Y / 00:01:39:000 / adm(05) / outpizzero /      0.00000 para horno(04)
Mensaje D / 00:01:39:000 / adm(05) / ... para horno(04)
Mensaje Y / 00:01:39:000 / horno(04) / out /      0.00000 para top(01)
Mensaje D / 00:01:39:000 / horno(04) / ... para top(01)
Mensaje X / 00:01:39:000 / top(01) / inhorno /      0.00000 para pizzero(03)
Mensaje D / 00:01:39:000 / pizzero(03) / 00:00:03:000 para top(01)
Mensaje D / 00:01:39:000 / top(01) / 00:00:03:000 para Root(00)
Mensaje * / 00:01:42:000 / Root(00) para top(01)
Mensaje * / 00:01:42:000 / top(01) para pizzero(03)
Mensaje Y / 00:01:42:000 / pizzero(03) / outpedidos /      1.00000 para top(01)
Mensaje D / 00:01:42:000 / pizzero(03) / 00:00:01:000 para top(01)
Mensaje X / 00:01:42:000 / top(01) / dame /      1.00000 para cola(02)
Mensaje D / 00:01:42:000 / cola(02) / 00:00:00:050 para top(01)
Mensaje D / 00:01:42:000 / top(01) / 00:00:00:050 para Root(00)
Mensaje * / 00:01:42:050 / Root(00) para top(01)
Mensaje * / 00:01:42:050 / top(01) para cola(02)
Mensaje Y / 00:01:42:050 / cola(02) / out /      1.00000 para top(01)
Mensaje D / 00:01:42:050 / cola(02) / ... para top(01)
Mensaje X / 00:01:42:050 / top(01) / inpedidos /      1.00000 para pizzero(03)
Mensaje D / 00:01:42:050 / pizzero(03) / 00:00:37:000 para top(01)
Mensaje D / 00:01:42:050 / top(01) / 00:00:37:000 para Root(00)
Mensaje X / 00:02:00:000 / Root(00) / in /     11.00000 para top(01)
Mensaje X / 00:02:00:000 / top(01) / in /     11.00000 para cola(02)
Mensaje D / 00:02:00:000 / cola(02) / ... para top(01)
Mensaje D / 00:02:00:000 / top(01) / 00:00:19:050 para Root(00)
Mensaje * / 00:02:19:050 / Root(00) para top(01)
Mensaje * / 00:02:19:050 / top(01) para pizzero(03)
Mensaje Y / 00:02:19:050 / pizzero(03) / outhorno /     50.00000 para top(01)
Mensaje D / 00:02:19:050 / pizzero(03) / ... para top(01)
Mensaje X / 00:02:19:050 / top(01) / in /     50.00000 para horno(04)
Mensaje X / 00:02:19:050 / horno(04) / inpizzero /     50.00000 para adm(05)
Mensaje D / 00:02:19:050 / adm(05) / 00:00:00:000 para horno(04)
Mensaje D / 00:02:19:050 / horno(04) / 00:00:00:000 para top(01)
Mensaje D / 00:02:19:050 / top(01) / 00:00:00:000 para Root(00)
Mensaje * / 00:02:19:050 / Root(00) para top(01)
Mensaje * / 00:02:19:050 / top(01) para horno(04)
Mensaje * / 00:02:19:050 / horno(04) para adm(05)
Mensaje Y / 00:02:19:050 / adm(05) / outpizzero /      1.00000 para horno(04)
Mensaje D / 00:02:19:050 / adm(05) / ... para horno(04)
Mensaje Y / 00:02:19:050 / horno(04) / out /      1.00000 para top(01)
Mensaje D / 00:02:19:050 / horno(04) / ... para top(01)
Mensaje X / 00:02:19:050 / top(01) / inhorno /      1.00000 para pizzero(03)
Mensaje D / 00:02:19:050 / pizzero(03) / 00:00:10:000 para top(01)
Mensaje D / 00:02:19:050 / top(01) / 00:00:10:000 para Root(00)
Mensaje * / 00:02:29:050 / Root(00) para top(01)
Mensaje * / 00:02:29:050 / top(01) para pizzero(03)
Mensaje Y / 00:02:29:050 / pizzero(03) / outhorno /      1.00000 para top(01)
Mensaje D / 00:02:29:050 / pizzero(03) / 00:00:00:010 para top(01)
Mensaje X / 00:02:29:050 / top(01) / in /      1.00000 para horno(04)
Mensaje X / 00:02:29:050 / horno(04) / inpizzero /      1.00000 para adm(05)
Mensaje D / 00:02:29:050 / adm(05) / 00:00:00:000 para horno(04)
Mensaje D / 00:02:29:050 / horno(04) / 00:00:00:000 para top(01)
Mensaje D / 00:02:29:050 / top(01) / 00:00:00:000 para Root(00)
Mensaje * / 00:02:29:050 / Root(00) para top(01)
Mensaje * / 00:02:29:050 / top(01) para horno(04)
Mensaje * / 00:02:29:050 / horno(04) para adm(05)
Mensaje Y / 00:02:29:050 / adm(05) / outlugar1 /      1.00000 para horno(04)
Mensaje D / 00:02:29:050 / adm(05) / ... para horno(04)
Mensaje X / 00:02:29:050 / horno(04) / in /      1.00000 para lugar1(06)
Mensaje D / 00:02:29:050 / lugar1(06) / 00:07:31:000 para horno(04)
Mensaje D / 00:02:29:050 / horno(04) / 00:07:31:000 para top(01)
Mensaje D / 00:02:29:050 / top(01) / 00:00:00:010 para Root(00)
Mensaje * / 00:02:29:060 / Root(00) para top(01)
Mensaje * / 00:02:29:060 / top(01) para pizzero(03)
Mensaje Y / 00:02:29:060 / pizzero(03) / outhorno /     60.00000 para top(01)
Mensaje D / 00:02:29:060 / pizzero(03) / ... para top(01)
Mensaje X / 00:02:29:060 / top(01) / in /     60.00000 para horno(04)
Mensaje X / 00:02:29:060 / horno(04) / inpizzero /     60.00000 para adm(05)
Mensaje D / 00:02:29:060 / adm(05) / 00:00:00:000 para horno(04)
Mensaje D / 00:02:29:060 / horno(04) / 00:00:00:000 para top(01)
Mensaje D / 00:02:29:060 / top(01) / 00:00:00:000 para Root(00)
Mensaje * / 00:02:29:060 / Root(00) para top(01)
Mensaje * / 00:02:29:060 / top(01) para horno(04)
Mensaje * / 00:02:29:060 / horno(04) para adm(05)
Mensaje Y / 00:02:29:060 / adm(05) / outpizzero /      0.00000 para horno(04)
Mensaje D / 00:02:29:060 / adm(05) / ... para horno(04)
Mensaje Y / 00:02:29:060 / horno(04) / out /      0.00000 para top(01)
Mensaje D / 00:02:29:060 / horno(04) / 00:07:30:990 para top(01)
Mensaje X / 00:02:29:060 / top(01) / inhorno /      0.00000 para pizzero(03)
Mensaje D / 00:02:29:060 / pizzero(03) / 00:00:03:000 para top(01)
Mensaje D / 00:02:29:060 / top(01) / 00:00:03:000 para Root(00)
Mensaje X / 00:02:30:000 / Root(00) / in /     11.00000 para top(01)
Mensaje X / 00:02:30:000 / top(01) / in /     11.00000 para cola(02)
Mensaje D / 00:02:30:000 / cola(02) / ... para top(01)
Mensaje D / 00:02:30:000 / top(01) / 00:00:02:060 para Root(00)
Mensaje * / 00:02:32:060 / Root(00) para top(01)
Mensaje * / 00:02:32:060 / top(01) para pizzero(03)
Mensaje Y / 00:02:32:060 / pizzero(03) / outpedidos /      1.00000 para top(01)
Mensaje D / 00:02:32:060 / pizzero(03) / 00:00:01:000 para top(01)
Mensaje X / 00:02:32:060 / top(01) / dame /      1.00000 para cola(02)
Mensaje D / 00:02:32:060 / cola(02) / 00:00:00:050 para top(01)
Mensaje D / 00:02:32:060 / top(01) / 00:00:00:050 para Root(00)
Mensaje * / 00:02:32:110 / Root(00) para top(01)
Mensaje * / 00:02:32:110 / top(01) para cola(02)
Mensaje Y / 00:02:32:110 / cola(02) / out /     11.00000 para top(01)
Mensaje D / 00:02:32:110 / cola(02) / ... para top(01)
Mensaje X / 00:02:32:110 / top(01) / inpedidos /     11.00000 para pizzero(03)
Mensaje D / 00:02:32:110 / pizzero(03) / 00:00:37:000 para top(01)
Mensaje D / 00:02:32:110 / top(01) / 00:00:37:000 para Root(00)
Mensaje * / 00:03:09:110 / Root(00) para top(01)
Mensaje * / 00:03:09:110 / top(01) para pizzero(03)
Mensaje Y / 00:03:09:110 / pizzero(03) / outhorno /     50.00000 para top(01)
Mensaje D / 00:03:09:110 / pizzero(03) / ... para top(01)
Mensaje X / 00:03:09:110 / top(01) / in /     50.00000 para horno(04)
Mensaje X / 00:03:09:110 / horno(04) / inpizzero /     50.00000 para adm(05)
Mensaje D / 00:03:09:110 / adm(05) / 00:00:00:000 para horno(04)
Mensaje D / 00:03:09:110 / horno(04) / 00:00:00:000 para top(01)
Mensaje D / 00:03:09:110 / top(01) / 00:00:00:000 para Root(00)
Mensaje * / 00:03:09:110 / Root(00) para top(01)
Mensaje * / 00:03:09:110 / top(01) para horno(04)
Mensaje * / 00:03:09:110 / horno(04) para adm(05)
Mensaje Y / 00:03:09:110 / adm(05) / outpizzero /      1.00000 para horno(04)
Mensaje D / 00:03:09:110 / adm(05) / ... para horno(04)
Mensaje Y / 00:03:09:110 / horno(04) / out /      1.00000 para top(01)
Mensaje D / 00:03:09:110 / horno(04) / 00:06:50:940 para top(01)
Mensaje X / 00:03:09:110 / top(01) / inhorno /      1.00000 para pizzero(03)
Mensaje D / 00:03:09:110 / pizzero(03) / 00:00:10:000 para top(01)
Mensaje D / 00:03:09:110 / top(01) / 00:00:10:000 para Root(00)
Mensaje * / 00:03:19:110 / Root(00) para top(01)
Mensaje * / 00:03:19:110 / top(01) para pizzero(03)
Mensaje Y / 00:03:19:110 / pizzero(03) / outhorno /     11.00000 para top(01)
Mensaje D / 00:03:19:110 / pizzero(03) / 00:00:00:010 para top(01)
Mensaje X / 00:03:19:110 / top(01) / in /     11.00000 para horno(04)
Mensaje X / 00:03:19:110 / horno(04) / inpizzero /     11.00000 para adm(05)
Mensaje D / 00:03:19:110 / adm(05) / 00:00:00:000 para horno(04)
Mensaje D / 00:03:19:110 / horno(04) / 00:00:00:000 para top(01)
Mensaje D / 00:03:19:110 / top(01) / 00:00:00:000 para Root(00)
Mensaje * / 00:03:19:110 / Root(00) para top(01)
Mensaje * / 00:03:19:110 / top(01) para horno(04)
Mensaje * / 00:03:19:110 / horno(04) para adm(05)
Mensaje Y / 00:03:19:110 / adm(05) / outlugar2 /      1.00000 para horno(04)
Mensaje D / 00:03:19:110 / adm(05) / ... para horno(04)
Mensaje X / 00:03:19:110 / horno(04) / in /      1.00000 para lugar2(07)
Mensaje D / 00:03:19:110 / lugar2(07) / 00:07:54:000 para horno(04)
Mensaje D / 00:03:19:110 / horno(04) / 00:06:40:940 para top(01)
Mensaje D / 00:03:19:110 / top(01) / 00:00:00:010 para Root(00)
Mensaje * / 00:03:19:120 / Root(00) para top(01)
Mensaje * / 00:03:19:120 / top(01) para pizzero(03)
Mensaje Y / 00:03:19:120 / pizzero(03) / outhorno /     60.00000 para top(01)
Mensaje D / 00:03:19:120 / pizzero(03) / ... para top(01)
Mensaje X / 00:03:19:120 / top(01) / in /     60.00000 para horno(04)
Mensaje X / 00:03:19:120 / horno(04) / inpizzero /     60.00000 para adm(05)
Mensaje D / 00:03:19:120 / adm(05) / 00:00:00:000 para horno(04)
Mensaje D / 00:03:19:120 / horno(04) / 00:00:00:000 para top(01)
Mensaje D / 00:03:19:120 / top(01) / 00:00:00:000 para Root(00)
Mensaje * / 00:03:19:120 / Root(00) para top(01)
Mensaje * / 00:03:19:120 / top(01) para horno(04)
Mensaje * / 00:03:19:120 / horno(04) para adm(05)
Mensaje Y / 00:03:19:120 / adm(05) / outpizzero /      0.00000 para horno(04)
Mensaje D / 00:03:19:120 / adm(05) / ... para horno(04)
Mensaje Y / 00:03:19:120 / horno(04) / out /      0.00000 para top(01)
Mensaje D / 00:03:19:120 / horno(04) / 00:06:40:930 para top(01)
Mensaje X / 00:03:19:120 / top(01) / inhorno /      0.00000 para pizzero(03)
Mensaje D / 00:03:19:120 / pizzero(03) / 00:00:03:000 para top(01)
Mensaje D / 00:03:19:120 / top(01) / 00:00:03:000 para Root(00)
Mensaje * / 00:03:22:120 / Root(00) para top(01)
Mensaje * / 00:03:22:120 / top(01) para pizzero(03)
Mensaje Y / 00:03:22:120 / pizzero(03) / outpedidos /      1.00000 para top(01)
Mensaje D / 00:03:22:120 / pizzero(03) / 00:00:01:000 para top(01)
Mensaje X / 00:03:22:120 / top(01) / dame /      1.00000 para cola(02)
Mensaje D / 00:03:22:120 / cola(02) / 00:00:00:050 para top(01)
Mensaje D / 00:03:22:120 / top(01) / 00:00:00:050 para Root(00)
Mensaje * / 00:03:22:170 / Root(00) para top(01)
Mensaje * / 00:03:22:170 / top(01) para cola(02)
Mensaje Y / 00:03:22:170 / cola(02) / out /     11.00000 para top(01)
Mensaje D / 00:03:22:170 / cola(02) / ... para top(01)
Mensaje X / 00:03:22:170 / top(01) / inpedidos /     11.00000 para pizzero(03)
Mensaje D / 00:03:22:170 / pizzero(03) / 00:00:37:000 para top(01)
Mensaje D / 00:03:22:170 / top(01) / 00:00:37:000 para Root(00)
Mensaje X / 00:03:30:000 / Root(00) / in /     13.00000 para top(01)
Mensaje X / 00:03:30:000 / top(01) / in /     13.00000 para cola(02)
Mensaje D / 00:03:30:000 / cola(02) / ... para top(01)
Mensaje D / 00:03:30:000 / top(01) / 00:00:29:170 para Root(00)
Mensaje * / 00:03:59:170 / Root(00) para top(01)
Mensaje * / 00:03:59:170 / top(01) para pizzero(03)
Mensaje Y / 00:03:59:170 / pizzero(03) / outhorno /     50.00000 para top(01)
Mensaje D / 00:03:59:170 / pizzero(03) / ... para top(01)
Mensaje X / 00:03:59:170 / top(01) / in /     50.00000 para horno(04)
Mensaje X / 00:03:59:170 / horno(04) / inpizzero /     50.00000 para adm(05)
Mensaje D / 00:03:59:170 / adm(05) / 00:00:00:000 para horno(04)
Mensaje D / 00:03:59:170 / horno(04) / 00:00:00:000 para top(01)
Mensaje D / 00:03:59:170 / top(01) / 00:00:00:000 para Root(00)
Mensaje * / 00:03:59:170 / Root(00) para top(01)
Mensaje * / 00:03:59:170 / top(01) para horno(04)
Mensaje * / 00:03:59:170 / horno(04) para adm(05)
Mensaje Y / 00:03:59:170 / adm(05) / outpizzero /      1.00000 para horno(04)
Mensaje D / 00:03:59:170 / adm(05) / ... para horno(04)
Mensaje Y / 00:03:59:170 / horno(04) / out /      1.00000 para top(01)
Mensaje D / 00:03:59:170 / horno(04) / 00:06:00:880 para top(01)
Mensaje X / 00:03:59:170 / top(01) / inhorno /      1.00000 para pizzero(03)
Mensaje D / 00:03:59:170 / pizzero(03) / 00:00:10:000 para top(01)
Mensaje D / 00:03:59:170 / top(01) / 00:00:10:000 para Root(00)
Mensaje * / 00:04:09:170 / Root(00) para top(01)
Mensaje * / 00:04:09:170 / top(01) para pizzero(03)
Mensaje Y / 00:04:09:170 / pizzero(03) / outhorno /     11.00000 para top(01)
Mensaje D / 00:04:09:170 / pizzero(03) / 00:00:00:010 para top(01)
Mensaje X / 00:04:09:170 / top(01) / in /     11.00000 para horno(04)
Mensaje X / 00:04:09:170 / horno(04) / inpizzero /     11.00000 para adm(05)
Mensaje D / 00:04:09:170 / adm(05) / 00:00:00:000 para horno(04)
Mensaje D / 00:04:09:170 / horno(04) / 00:00:00:000 para top(01)
Mensaje D / 00:04:09:170 / top(01) / 00:00:00:000 para Root(00)
Mensaje * / 00:04:09:170 / Root(00) para top(01)
Mensaje * / 00:04:09:170 / top(01) para horno(04)
Mensaje * / 00:04:09:170 / horno(04) para adm(05)
Mensaje Y / 00:04:09:170 / adm(05) / outlugar3 /      1.00000 para horno(04)
Mensaje D / 00:04:09:170 / adm(05) / ... para horno(04)
Mensaje X / 00:04:09:170 / horno(04) / in /      1.00000 para lugar3(08)
Mensaje D / 00:04:09:170 / lugar3(08) / 00:07:52:000 para horno(04)
Mensaje D / 00:04:09:170 / horno(04) / 00:05:50:880 para top(01)
Mensaje D / 00:04:09:170 / top(01) / 00:00:00:010 para Root(00)
Mensaje * / 00:04:09:180 / Root(00) para top(01)
Mensaje * / 00:04:09:180 / top(01) para pizzero(03)
Mensaje Y / 00:04:09:180 / pizzero(03) / outhorno /     60.00000 para top(01)
Mensaje D / 00:04:09:180 / pizzero(03) / ... para top(01)
Mensaje X / 00:04:09:180 / top(01) / in /     60.00000 para horno(04)
Mensaje X / 00:04:09:180 / horno(04) / inpizzero /     60.00000 para adm(05)
Mensaje D / 00:04:09:180 / adm(05) / 00:00:00:000 para horno(04)
Mensaje D / 00:04:09:180 / horno(04) / 00:00:00:000 para top(01)
Mensaje D / 00:04:09:180 / top(01) / 00:00:00:000 para Root(00)
Mensaje * / 00:04:09:180 / Root(00) para top(01)
Mensaje * / 00:04:09:180 / top(01) para horno(04)
Mensaje * / 00:04:09:180 / horno(04) para adm(05)
Mensaje Y / 00:04:09:180 / adm(05) / outpizzero /      0.00000 para horno(04)
Mensaje D / 00:04:09:180 / adm(05) / ... para horno(04)
Mensaje Y / 00:04:09:180 / horno(04) / out /      0.00000 para top(01)
Mensaje D / 00:04:09:180 / horno(04) / 00:05:50:870 para top(01)
Mensaje X / 00:04:09:180 / top(01) / inhorno /      0.00000 para pizzero(03)
Mensaje D / 00:04:09:180 / pizzero(03) / 00:00:03:000 para top(01)
Mensaje D / 00:04:09:180 / top(01) / 00:00:03:000 para Root(00)
Mensaje * / 00:04:12:180 / Root(00) para top(01)
Mensaje * / 00:04:12:180 / top(01) para pizzero(03)
Mensaje Y / 00:04:12:180 / pizzero(03) / outpedidos /      1.00000 para top(01)
Mensaje D / 00:04:12:180 / pizzero(03) / 00:00:01:000 para top(01)
Mensaje X / 00:04:12:180 / top(01) / dame /      1.00000 para cola(02)
Mensaje D / 00:04:12:180 / cola(02) / 00:00:00:050 para top(01)
Mensaje D / 00:04:12:180 / top(01) / 00:00:00:050 para Root(00)
Mensaje * / 00:04:12:230 / Root(00) para top(01)
Mensaje * / 00:04:12:230 / top(01) para cola(02)
Mensaje Y / 00:04:12:230 / cola(02) / out /     13.00000 para top(01)
Mensaje D / 00:04:12:230 / cola(02) / ... para top(01)
Mensaje X / 00:04:12:230 / top(01) / inpedidos /     13.00000 para pizzero(03)
Mensaje D / 00:04:12:230 / pizzero(03) / 00:00:43:000 para top(01)
Mensaje D / 00:04:12:230 / top(01) / 00:00:43:000 para Root(00)
Mensaje * / 00:04:55:230 / Root(00) para top(01)
Mensaje * / 00:04:55:230 / top(01) para pizzero(03)
Mensaje Y / 00:04:55:230 / pizzero(03) / outhorno /     50.00000 para top(01)
Mensaje D / 00:04:55:230 / pizzero(03) / ... para top(01)
Mensaje X / 00:04:55:230 / top(01) / in /     50.00000 para horno(04)
Mensaje X / 00:04:55:230 / horno(04) / inpizzero /     50.00000 para adm(05)
Mensaje D / 00:04:55:230 / adm(05) / 00:00:00:000 para horno(04)
Mensaje D / 00:04:55:230 / horno(04) / 00:00:00:000 para top(01)
Mensaje D / 00:04:55:230 / top(01) / 00:00:00:000 para Root(00)
Mensaje * / 00:04:55:230 / Root(00) para top(01)
Mensaje * / 00:04:55:230 / top(01) para horno(04)
Mensaje * / 00:04:55:230 / horno(04) para adm(05)
Mensaje Y / 00:04:55:230 / adm(05) / outpizzero /      1.00000 para horno(04)
Mensaje D / 00:04:55:230 / adm(05) / ... para horno(04)
Mensaje Y / 00:04:55:230 / horno(04) / out /      1.00000 para top(01)
Mensaje D / 00:04:55:230 / horno(04) / 00:05:04:820 para top(01)
Mensaje X / 00:04:55:230 / top(01) / inhorno /      1.00000 para pizzero(03)
Mensaje D / 00:04:55:230 / pizzero(03) / 00:00:10:000 para top(01)
Mensaje D / 00:04:55:230 / top(01) / 00:00:10:000 para Root(00)
Mensaje X / 00:05:00:000 / Root(00) / in /      2.00000 para top(01)
Mensaje X / 00:05:00:000 / top(01) / in /      2.00000 para cola(02)
Mensaje D / 00:05:00:000 / cola(02) / ... para top(01)
Mensaje D / 00:05:00:000 / top(01) / 00:00:05:230 para Root(00)
