Mensaje I / 00:00:00:000 / Root(00) para top(01)
Mensaje I / 00:00:00:000 / top(01) para pizzero(02)
Mensaje D / 00:00:00:000 / pizzero(02) / 00:00:00:000 para top(01)
Mensaje D / 00:00:00:000 / top(01) / 00:00:00:000 para Root(00)
Mensaje * / 00:00:00:000 / Root(00) para top(01)
Mensaje * / 00:00:00:000 / top(01) para pizzero(02)
Mensaje Y / 00:00:00:000 / pizzero(02) / outpedidos /      1.00000 para top(01)
Mensaje D / 00:00:00:000 / pizzero(02) / 00:00:01:000 para top(01)
Mensaje Y / 00:00:00:000 / top(01) / outpedidos /      1.00000 para Root(00)
Mensaje D / 00:00:00:000 / top(01) / 00:00:01:000 para Root(00)
Mensaje * / 00:00:01:000 / Root(00) para top(01)
Mensaje * / 00:00:01:000 / top(01) para pizzero(02)
Mensaje D / 00:00:01:000 / pizzero(02) / 00:00:30:000 para top(01)
Mensaje D / 00:00:01:000 / top(01) / 00:00:30:000 para Root(00)
Mensaje * / 00:00:31:000 / Root(00) para top(01)
Mensaje * / 00:00:31:000 / top(01) para pizzero(02)
Mensaje Y / 00:00:31:000 / pizzero(02) / outhorno /     60.00000 para top(01)
Mensaje D / 00:00:31:000 / pizzero(02) / ... para top(01)
Mensaje Y / 00:00:31:000 / top(01) / outhorno /     60.00000 para Root(00)
Mensaje D / 00:00:31:000 / top(01) / ... para Root(00)
Mensaje X / 12:00:00:000 / Root(00) / in /      1.00000 para top(01)
Mensaje X / 12:00:00:000 / top(01) / inpedidos /      1.00000 para pizzero(02)
Mensaje D / 12:00:00:000 / pizzero(02) / 00:00:37:000 para top(01)
Mensaje D / 12:00:00:000 / top(01) / 00:00:37:000 para Root(00)
Mensaje * / 12:00:37:000 / Root(00) para top(01)
Mensaje * / 12:00:37:000 / top(01) para pizzero(02)
Mensaje Y / 12:00:37:000 / pizzero(02) / outhorno /     50.00000 para top(01)
Mensaje D / 12:00:37:000 / pizzero(02) / ... para top(01)
Mensaje Y / 12:00:37:000 / top(01) / outhorno /     50.00000 para Root(00)
Mensaje D / 12:00:37:000 / top(01) / ... para Root(00)
Mensaje X / 12:03:00:000 / Root(00) / in /     11.00000 para top(01)
Mensaje X / 12:03:00:000 / top(01) / inpedidos /     11.00000 para pizzero(02)
Mensaje D / 12:03:00:000 / pizzero(02) / 00:00:37:000 para top(01)
Mensaje D / 12:03:00:000 / top(01) / 00:00:37:000 para Root(00)
Mensaje * / 12:03:37:000 / Root(00) para top(01)
Mensaje * / 12:03:37:000 / top(01) para pizzero(02)
Mensaje Y / 12:03:37:000 / pizzero(02) / outhorno /     50.00000 para top(01)
Mensaje D / 12:03:37:000 / pizzero(02) / ... para top(01)
Mensaje Y / 12:03:37:000 / top(01) / outhorno /     50.00000 para Root(00)
Mensaje D / 12:03:37:000 / top(01) / ... para Root(00)
Mensaje X / 12:06:00:000 / Root(00) / in /     11.00000 para top(01)
Mensaje X / 12:06:00:000 / top(01) / inpedidos /     11.00000 para pizzero(02)
Mensaje D / 12:06:00:000 / pizzero(02) / 00:00:37:000 para top(01)
Mensaje D / 12:06:00:000 / top(01) / 00:00:37:000 para Root(00)
Mensaje * / 12:06:37:000 / Root(00) para top(01)
Mensaje * / 12:06:37:000 / top(01) para pizzero(02)
Mensaje Y / 12:06:37:000 / pizzero(02) / outhorno /     50.00000 para top(01)
Mensaje D / 12:06:37:000 / pizzero(02) / ... para top(01)
Mensaje Y / 12:06:37:000 / top(01) / outhorno /     50.00000 para Root(00)
Mensaje D / 12:06:37:000 / top(01) / ... para Root(00)
Mensaje X / 12:09:00:000 / Root(00) / in /     13.00000 para top(01)
Mensaje X / 12:09:00:000 / top(01) / inpedidos /     13.00000 para pizzero(02)
Mensaje D / 12:09:00:000 / pizzero(02) / 00:00:43:000 para top(01)
Mensaje D / 12:09:00:000 / top(01) / 00:00:43:000 para Root(00)
Mensaje * / 12:09:43:000 / Root(00) para top(01)
Mensaje * / 12:09:43:000 / top(01) para pizzero(02)
Mensaje Y / 12:09:43:000 / pizzero(02) / outhorno /     50.00000 para top(01)
Mensaje D / 12:09:43:000 / pizzero(02) / ... para top(01)
Mensaje Y / 12:09:43:000 / top(01) / outhorno /     50.00000 para Root(00)
Mensaje D / 12:09:43:000 / top(01) / ... para Root(00)
Mensaje X / 12:12:00:000 / Root(00) / in /      2.00000 para top(01)
Mensaje X / 12:12:00:000 / top(01) / inpedidos /      2.00000 para pizzero(02)
Mensaje D / 12:12:00:000 / pizzero(02) / 00:00:41:000 para top(01)
Mensaje D / 12:12:00:000 / top(01) / 00:00:41:000 para Root(00)
Mensaje * / 12:12:41:000 / Root(00) para top(01)
Mensaje * / 12:12:41:000 / top(01) para pizzero(02)
Mensaje Y / 12:12:41:000 / pizzero(02) / outhorno /     50.00000 para top(01)
Mensaje D / 12:12:41:000 / pizzero(02) / ... para top(01)
Mensaje Y / 12:12:41:000 / top(01) / outhorno /     50.00000 para Root(00)
Mensaje D / 12:12:41:000 / top(01) / ... para Root(00)
Mensaje X / 12:15:00:000 / Root(00) / in /      1.00000 para top(01)
Mensaje X / 12:15:00:000 / top(01) / inpedidos /      1.00000 para pizzero(02)
Mensaje D / 12:15:00:000 / pizzero(02) / 00:00:37:000 para top(01)
Mensaje D / 12:15:00:000 / top(01) / 00:00:37:000 para Root(00)
Mensaje * / 12:15:37:000 / Root(00) para top(01)
Mensaje * / 12:15:37:000 / top(01) para pizzero(02)
Mensaje Y / 12:15:37:000 / pizzero(02) / outhorno /     50.00000 para top(01)
Mensaje D / 12:15:37:000 / pizzero(02) / ... para top(01)
Mensaje Y / 12:15:37:000 / top(01) / outhorno /     50.00000 para Root(00)
Mensaje D / 12:15:37:000 / top(01) / ... para Root(00)
Mensaje X / 12:18:00:000 / Root(00) / in /     11.00000 para top(01)
Mensaje X / 12:18:00:000 / top(01) / inpedidos /     11.00000 para pizzero(02)
Mensaje D / 12:18:00:000 / pizzero(02) / 00:00:37:000 para top(01)
Mensaje D / 12:18:00:000 / top(01) / 00:00:37:000 para Root(00)
Mensaje * / 12:18:37:000 / Root(00) para top(01)
Mensaje * / 12:18:37:000 / top(01) para pizzero(02)
Mensaje Y / 12:18:37:000 / pizzero(02) / outhorno /     50.00000 para top(01)
Mensaje D / 12:18:37:000 / pizzero(02) / ... para top(01)
Mensaje Y / 12:18:37:000 / top(01) / outhorno /     50.00000 para Root(00)
Mensaje D / 12:18:37:000 / top(01) / ... para Root(00)
Mensaje X / 12:21:00:000 / Root(00) / in /      2.00000 para top(01)
Mensaje X / 12:21:00:000 / top(01) / inpedidos /      2.00000 para pizzero(02)
Mensaje D / 12:21:00:000 / pizzero(02) / 00:00:41:000 para top(01)
Mensaje D / 12:21:00:000 / top(01) / 00:00:41:000 para Root(00)
Mensaje * / 12:21:41:000 / Root(00) para top(01)
Mensaje * / 12:21:41:000 / top(01) para pizzero(02)
Mensaje Y / 12:21:41:000 / pizzero(02) / outhorno /     50.00000 para top(01)
Mensaje D / 12:21:41:000 / pizzero(02) / ... para top(01)
Mensaje Y / 12:21:41:000 / top(01) / outhorno /     50.00000 para Root(00)
Mensaje D / 12:21:41:000 / top(01) / ... para Root(00)
Mensaje X / 12:24:00:000 / Root(00) / in /     13.00000 para top(01)
Mensaje X / 12:24:00:000 / top(01) / inpedidos /     13.00000 para pizzero(02)
Mensaje D / 12:24:00:000 / pizzero(02) / 00:00:43:000 para top(01)
Mensaje D / 12:24:00:000 / top(01) / 00:00:43:000 para Root(00)
Mensaje * / 12:24:43:000 / Root(00) para top(01)
Mensaje * / 12:24:43:000 / top(01) para pizzero(02)
Mensaje Y / 12:24:43:000 / pizzero(02) / outhorno /     50.00000 para top(01)
Mensaje D / 12:24:43:000 / pizzero(02) / ... para top(01)
Mensaje Y / 12:24:43:000 / top(01) / outhorno /     50.00000 para Root(00)
Mensaje D / 12:24:43:000 / top(01) / ... para Root(00)
Mensaje X / 12:27:00:000 / Root(00) / in /      3.00000 para top(01)
Mensaje X / 12:27:00:000 / top(01) / inpedidos /      3.00000 para pizzero(02)
Mensaje D / 12:27:00:000 / pizzero(02) / 00:00:43:000 para top(01)
Mensaje D / 12:27:00:000 / top(01) / 00:00:43:000 para Root(00)
Mensaje * / 12:27:43:000 / Root(00) para top(01)
Mensaje * / 12:27:43:000 / top(01) para pizzero(02)
Mensaje Y / 12:27:43:000 / pizzero(02) / outhorno /     50.00000 para top(01)
Mensaje D / 12:27:43:000 / pizzero(02) / ... para top(01)
Mensaje Y / 12:27:43:000 / top(01) / outhorno /     50.00000 para Root(00)
Mensaje D / 12:27:43:000 / top(01) / ... para Root(00)
Mensaje X / 12:30:00:000 / Root(00) / in /     12.00000 para top(01)
Mensaje X / 12:30:00:000 / top(01) / inpedidos /     12.00000 para pizzero(02)
Mensaje D / 12:30:00:000 / pizzero(02) / 00:00:41:000 para top(01)
Mensaje D / 12:30:00:000 / top(01) / 00:00:41:000 para Root(00)
Mensaje * / 12:30:41:000 / Root(00) para top(01)
Mensaje * / 12:30:41:000 / top(01) para pizzero(02)
Mensaje Y / 12:30:41:000 / pizzero(02) / outhorno /     50.00000 para top(01)
Mensaje D / 12:30:41:000 / pizzero(02) / ... para top(01)
Mensaje Y / 12:30:41:000 / top(01) / outhorno /     50.00000 para Root(00)
Mensaje D / 12:30:41:000 / top(01) / ... para Root(00)
Mensaje X / 12:33:00:000 / Root(00) / in /      1.00000 para top(01)
Mensaje X / 12:33:00:000 / top(01) / inpedidos /      1.00000 para pizzero(02)
Mensaje D / 12:33:00:000 / pizzero(02) / 00:00:37:000 para top(01)
Mensaje D / 12:33:00:000 / top(01) / 00:00:37:000 para Root(00)
Mensaje * / 12:33:37:000 / Root(00) para top(01)
Mensaje * / 12:33:37:000 / top(01) para pizzero(02)
Mensaje Y / 12:33:37:000 / pizzero(02) / outhorno /     50.00000 para top(01)
Mensaje D / 12:33:37:000 / pizzero(02) / ... para top(01)
Mensaje Y / 12:33:37:000 / top(01) / outhorno /     50.00000 para Root(00)
Mensaje D / 12:33:37:000 / top(01) / ... para Root(00)
Mensaje X / 12:36:00:000 / Root(00) / in /     11.00000 para top(01)
Mensaje X / 12:36:00:000 / top(01) / inpedidos /     11.00000 para pizzero(02)
Mensaje D / 12:36:00:000 / pizzero(02) / 00:00:37:000 para top(01)
Mensaje D / 12:36:00:000 / top(01) / 00:00:37:000 para Root(00)
Mensaje * / 12:36:37:000 / Root(00) para top(01)
Mensaje * / 12:36:37:000 / top(01) para pizzero(02)
Mensaje Y / 12:36:37:000 / pizzero(02) / outhorno /     50.00000 para top(01)
Mensaje D / 12:36:37:000 / pizzero(02) / ... para top(01)
Mensaje Y / 12:36:37:000 / top(01) / outhorno /     50.00000 para Root(00)
Mensaje D / 12:36:37:000 / top(01) / ... para Root(00)
Mensaje X / 12:39:00:000 / Root(00) / in /      3.00000 para top(01)
Mensaje X / 12:39:00:000 / top(01) / inpedidos /      3.00000 para pizzero(02)
Mensaje D / 12:39:00:000 / pizzero(02) / 00:00:43:000 para top(01)
Mensaje D / 12:39:00:000 / top(01) / 00:00:43:000 para Root(00)
Mensaje * / 12:39:43:000 / Root(00) para top(01)
Mensaje * / 12:39:43:000 / top(01) para pizzero(02)
Mensaje Y / 12:39:43:000 / pizzero(02) / outhorno /     50.00000 para top(01)
Mensaje D / 12:39:43:000 / pizzero(02) / ... para top(01)
Mensaje Y / 12:39:43:000 / top(01) / outhorno /     50.00000 para Root(00)
Mensaje D / 12:39:43:000 / top(01) / ... para Root(00)
Mensaje X / 12:42:00:000 / Root(00) / in /      3.00000 para top(01)
Mensaje X / 12:42:00:000 / top(01) / inpedidos /      3.00000 para pizzero(02)
Mensaje D / 12:42:00:000 / pizzero(02) / 00:00:43:000 para top(01)
Mensaje D / 12:42:00:000 / top(01) / 00:00:43:000 para Root(00)
Mensaje * / 12:42:43:000 / Root(00) para top(01)
Mensaje * / 12:42:43:000 / top(01) para pizzero(02)
Mensaje Y / 12:42:43:000 / pizzero(02) / outhorno /     50.00000 para top(01)
Mensaje D / 12:42:43:000 / pizzero(02) / ... para top(01)
Mensaje Y / 12:42:43:000 / top(01) / outhorno /     50.00000 para Root(00)
Mensaje D / 12:42:43:000 / top(01) / ... para Root(00)
Mensaje X / 12:45:00:000 / Root(00) / in /     11.00000 para top(01)
Mensaje X / 12:45:00:000 / top(01) / inpedidos /     11.00000 para pizzero(02)
Mensaje D / 12:45:00:000 / pizzero(02) / 00:00:37:000 para top(01)
Mensaje D / 12:45:00:000 / top(01) / 00:00:37:000 para Root(00)
Mensaje * / 12:45:37:000 / Root(00) para top(01)
Mensaje * / 12:45:37:000 / top(01) para pizzero(02)
Mensaje Y / 12:45:37:000 / pizzero(02) / outhorno /     50.00000 para top(01)
Mensaje D / 12:45:37:000 / pizzero(02) / ... para top(01)
Mensaje Y / 12:45:37:000 / top(01) / outhorno /     50.00000 para Root(00)
Mensaje D / 12:45:37:000 / top(01) / ... para Root(00)
Mensaje X / 12:48:00:000 / Root(00) / in /     11.00000 para top(01)
Mensaje X / 12:48:00:000 / top(01) / inpedidos /     11.00000 para pizzero(02)
Mensaje D / 12:48:00:000 / pizzero(02) / 00:00:37:000 para top(01)
Mensaje D / 12:48:00:000 / top(01) / 00:00:37:000 para Root(00)
Mensaje * / 12:48:37:000 / Root(00) para top(01)
Mensaje * / 12:48:37:000 / top(01) para pizzero(02)
Mensaje Y / 12:48:37:000 / pizzero(02) / outhorno /     50.00000 para top(01)
Mensaje D / 12:48:37:000 / pizzero(02) / ... para top(01)
Mensaje Y / 12:48:37:000 / top(01) / outhorno /     50.00000 para Root(00)
Mensaje D / 12:48:37:000 / top(01) / ... para Root(00)
Mensaje X / 12:51:00:000 / Root(00) / in /      2.00000 para top(01)
Mensaje X / 12:51:00:000 / top(01) / inpedidos /      2.00000 para pizzero(02)
Mensaje D / 12:51:00:000 / pizzero(02) / 00:00:41:000 para top(01)
Mensaje D / 12:51:00:000 / top(01) / 00:00:41:000 para Root(00)
Mensaje * / 12:51:41:000 / Root(00) para top(01)
Mensaje * / 12:51:41:000 / top(01) para pizzero(02)
Mensaje Y / 12:51:41:000 / pizzero(02) / outhorno /     50.00000 para top(01)
Mensaje D / 12:51:41:000 / pizzero(02) / ... para top(01)
Mensaje Y / 12:51:41:000 / top(01) / outhorno /     50.00000 para Root(00)
Mensaje D / 12:51:41:000 / top(01) / ... para Root(00)
Mensaje X / 12:54:00:000 / Root(00) / in /     12.00000 para top(01)
Mensaje X / 12:54:00:000 / top(01) / inpedidos /     12.00000 para pizzero(02)
Mensaje D / 12:54:00:000 / pizzero(02) / 00:00:41:000 para top(01)
Mensaje D / 12:54:00:000 / top(01) / 00:00:41:000 para Root(00)
Mensaje * / 12:54:41:000 / Root(00) para top(01)
Mensaje * / 12:54:41:000 / top(01) para pizzero(02)
Mensaje Y / 12:54:41:000 / pizzero(02) / outhorno /     50.00000 para top(01)
Mensaje D / 12:54:41:000 / pizzero(02) / ... para top(01)
Mensaje Y / 12:54:41:000 / top(01) / outhorno /     50.00000 para Root(00)
Mensaje D / 12:54:41:000 / top(01) / ... para Root(00)
Mensaje X / 12:57:00:000 / Root(00) / in /     11.00000 para top(01)
Mensaje X / 12:57:00:000 / top(01) / inpedidos /     11.00000 para pizzero(02)
Mensaje D / 12:57:00:000 / pizzero(02) / 00:00:37:000 para top(01)
Mensaje D / 12:57:00:000 / top(01) / 00:00:37:000 para Root(00)
Mensaje * / 12:57:37:000 / Root(00) para top(01)
Mensaje * / 12:57:37:000 / top(01) para pizzero(02)
Mensaje Y / 12:57:37:000 / pizzero(02) / outhorno /     50.00000 para top(01)
Mensaje D / 12:57:37:000 / pizzero(02) / ... para top(01)
Mensaje Y / 12:57:37:000 / top(01) / outhorno /     50.00000 para Root(00)
Mensaje D / 12:57:37:000 / top(01) / ... para Root(00)
Mensaje X / 13:00:00:000 / Root(00) / in /      1.00000 para top(01)
Mensaje X / 13:00:00:000 / top(01) / inpedidos /      1.00000 para pizzero(02)
Mensaje D / 13:00:00:000 / pizzero(02) / 00:00:37:000 para top(01)
Mensaje D / 13:00:00:000 / top(01) / 00:00:37:000 para Root(00)
Mensaje * / 13:00:37:000 / Root(00) para top(01)
Mensaje * / 13:00:37:000 / top(01) para pizzero(02)
Mensaje Y / 13:00:37:000 / pizzero(02) / outhorno /     50.00000 para top(01)
Mensaje D / 13:00:37:000 / pizzero(02) / ... para top(01)
Mensaje Y / 13:00:37:000 / top(01) / outhorno /     50.00000 para Root(00)
Mensaje D / 13:00:37:000 / top(01) / ... para Root(00)
Mensaje X / 13:03:00:000 / Root(00) / in /     13.00000 para top(01)
Mensaje X / 13:03:00:000 / top(01) / inpedidos /     13.00000 para pizzero(02)
Mensaje D / 13:03:00:000 / pizzero(02) / 00:00:43:000 para top(01)
Mensaje D / 13:03:00:000 / top(01) / 00:00:43:000 para Root(00)
Mensaje * / 13:03:43:000 / Root(00) para top(01)
Mensaje * / 13:03:43:000 / top(01) para pizzero(02)
Mensaje Y / 13:03:43:000 / pizzero(02) / outhorno /     50.00000 para top(01)
Mensaje D / 13:03:43:000 / pizzero(02) / ... para top(01)
Mensaje Y / 13:03:43:000 / top(01) / outhorno /     50.00000 para Root(00)
Mensaje D / 13:03:43:000 / top(01) / ... para Root(00)
Mensaje X / 13:06:00:000 / Root(00) / in /     11.00000 para top(01)
Mensaje X / 13:06:00:000 / top(01) / inpedidos /     11.00000 para pizzero(02)
Mensaje D / 13:06:00:000 / pizzero(02) / 00:00:37:000 para top(01)
Mensaje D / 13:06:00:000 / top(01) / 00:00:37:000 para Root(00)
Mensaje * / 13:06:37:000 / Root(00) para top(01)
Mensaje * / 13:06:37:000 / top(01) para pizzero(02)
Mensaje Y / 13:06:37:000 / pizzero(02) / outhorno /     50.00000 para top(01)
Mensaje D / 13:06:37:000 / pizzero(02) / ... para top(01)
Mensaje Y / 13:06:37:000 / top(01) / outhorno /     50.00000 para Root(00)
Mensaje D / 13:06:37:000 / top(01) / ... para Root(00)
Mensaje X / 13:09:00:000 / Root(00) / in /      1.00000 para top(01)
Mensaje X / 13:09:00:000 / top(01) / inpedidos /      1.00000 para pizzero(02)
Mensaje D / 13:09:00:000 / pizzero(02) / 00:00:37:000 para top(01)
Mensaje D / 13:09:00:000 / top(01) / 00:00:37:000 para Root(00)
Mensaje * / 13:09:37:000 / Root(00) para top(01)
Mensaje * / 13:09:37:000 / top(01) para pizzero(02)
Mensaje Y / 13:09:37:000 / pizzero(02) / outhorno /     50.00000 para top(01)
Mensaje D / 13:09:37:000 / pizzero(02) / ... para top(01)
Mensaje Y / 13:09:37:000 / top(01) / outhorno /     50.00000 para Root(00)
Mensaje D / 13:09:37:000 / top(01) / ... para Root(00)
Mensaje X / 13:12:00:000 / Root(00) / in /      1.00000 para top(01)
Mensaje X / 13:12:00:000 / top(01) / inpedidos /      1.00000 para pizzero(02)
Mensaje D / 13:12:00:000 / pizzero(02) / 00:00:37:000 para top(01)
Mensaje D / 13:12:00:000 / top(01) / 00:00:37:000 para Root(00)
Mensaje * / 13:12:37:000 / Root(00) para top(01)
Mensaje * / 13:12:37:000 / top(01) para pizzero(02)
Mensaje Y / 13:12:37:000 / pizzero(02) / outhorno /     50.00000 para top(01)
Mensaje D / 13:12:37:000 / pizzero(02) / ... para top(01)
Mensaje Y / 13:12:37:000 / top(01) / outhorno /     50.00000 para Root(00)
Mensaje D / 13:12:37:000 / top(01) / ... para Root(00)
Mensaje X / 13:15:00:000 / Root(00) / in /     11.00000 para top(01)
Mensaje X / 13:15:00:000 / top(01) / inpedidos /     11.00000 para pizzero(02)
Mensaje D / 13:15:00:000 / pizzero(02) / 00:00:37:000 para top(01)
Mensaje D / 13:15:00:000 / top(01) / 00:00:37:000 para Root(00)
Mensaje * / 13:15:37:000 / Root(00) para top(01)
Mensaje * / 13:15:37:000 / top(01) para pizzero(02)
Mensaje Y / 13:15:37:000 / pizzero(02) / outhorno /     50.00000 para top(01)
Mensaje D / 13:15:37:000 / pizzero(02) / ... para top(01)
Mensaje Y / 13:15:37:000 / top(01) / outhorno /     50.00000 para Root(00)
Mensaje D / 13:15:37:000 / top(01) / ... para Root(00)
Mensaje X / 13:18:00:000 / Root(00) / in /      2.00000 para top(01)
Mensaje X / 13:18:00:000 / top(01) / inpedidos /      2.00000 para pizzero(02)
Mensaje D / 13:18:00:000 / pizzero(02) / 00:00:41:000 para top(01)
Mensaje D / 13:18:00:000 / top(01) / 00:00:41:000 para Root(00)
Mensaje * / 13:18:41:000 / Root(00) para top(01)
Mensaje * / 13:18:41:000 / top(01) para pizzero(02)
Mensaje Y / 13:18:41:000 / pizzero(02) / outhorno /     50.00000 para top(01)
Mensaje D / 13:18:41:000 / pizzero(02) / ... para top(01)
Mensaje Y / 13:18:41:000 / top(01) / outhorno /     50.00000 para Root(00)
Mensaje D / 13:18:41:000 / top(01) / ... para Root(00)
Mensaje X / 13:21:00:000 / Root(00) / in /     11.00000 para top(01)
Mensaje X / 13:21:00:000 / top(01) / inpedidos /     11.00000 para pizzero(02)
Mensaje D / 13:21:00:000 / pizzero(02) / 00:00:37:000 para top(01)
Mensaje D / 13:21:00:000 / top(01) / 00:00:37:000 para Root(00)
Mensaje * / 13:21:37:000 / Root(00) para top(01)
Mensaje * / 13:21:37:000 / top(01) para pizzero(02)
Mensaje Y / 13:21:37:000 / pizzero(02) / outhorno /     50.00000 para top(01)
Mensaje D / 13:21:37:000 / pizzero(02) / ... para top(01)
Mensaje Y / 13:21:37:000 / top(01) / outhorno /     50.00000 para Root(00)
Mensaje D / 13:21:37:000 / top(01) / ... para Root(00)
Mensaje X / 13:24:00:000 / Root(00) / in /     11.00000 para top(01)
Mensaje X / 13:24:00:000 / top(01) / inpedidos /     11.00000 para pizzero(02)
Mensaje D / 13:24:00:000 / pizzero(02) / 00:00:37:000 para top(01)
Mensaje D / 13:24:00:000 / top(01) / 00:00:37:000 para Root(00)
Mensaje * / 13:24:37:000 / Root(00) para top(01)
Mensaje * / 13:24:37:000 / top(01) para pizzero(02)
Mensaje Y / 13:24:37:000 / pizzero(02) / outhorno /     50.00000 para top(01)
Mensaje D / 13:24:37:000 / pizzero(02) / ... para top(01)
Mensaje Y / 13:24:37:000 / top(01) / outhorno /     50.00000 para Root(00)
Mensaje D / 13:24:37:000 / top(01) / ... para Root(00)
Mensaje X / 13:27:00:000 / Root(00) / in /      3.00000 para top(01)
Mensaje X / 13:27:00:000 / top(01) / inpedidos /      3.00000 para pizzero(02)
Mensaje D / 13:27:00:000 / pizzero(02) / 00:00:43:000 para top(01)
Mensaje D / 13:27:00:000 / top(01) / 00:00:43:000 para Root(00)
Mensaje * / 13:27:43:000 / Root(00) para top(01)
Mensaje * / 13:27:43:000 / top(01) para pizzero(02)
Mensaje Y / 13:27:43:000 / pizzero(02) / outhorno /     50.00000 para top(01)
Mensaje D / 13:27:43:000 / pizzero(02) / ... para top(01)
Mensaje Y / 13:27:43:000 / top(01) / outhorno /     50.00000 para Root(00)
Mensaje D / 13:27:43:000 / top(01) / ... para Root(00)
Mensaje X / 13:30:00:000 / Root(00) / in /     11.00000 para top(01)
Mensaje X / 13:30:00:000 / top(01) / inpedidos /     11.00000 para pizzero(02)
Mensaje D / 13:30:00:000 / pizzero(02) / 00:00:37:000 para top(01)
Mensaje D / 13:30:00:000 / top(01) / 00:00:37:000 para Root(00)
Mensaje * / 13:30:37:000 / Root(00) para top(01)
Mensaje * / 13:30:37:000 / top(01) para pizzero(02)
Mensaje Y / 13:30:37:000 / pizzero(02) / outhorno /     50.00000 para top(01)
Mensaje D / 13:30:37:000 / pizzero(02) / ... para top(01)
Mensaje Y / 13:30:37:000 / top(01) / outhorno /     50.00000 para Root(00)
Mensaje D / 13:30:37:000 / top(01) / ... para Root(00)
Mensaje X / 13:33:00:000 / Root(00) / in /      1.00000 para top(01)
Mensaje X / 13:33:00:000 / top(01) / inpedidos /      1.00000 para pizzero(02)
Mensaje D / 13:33:00:000 / pizzero(02) / 00:00:37:000 para top(01)
Mensaje D / 13:33:00:000 / top(01) / 00:00:37:000 para Root(00)
Mensaje * / 13:33:37:000 / Root(00) para top(01)
Mensaje * / 13:33:37:000 / top(01) para pizzero(02)
Mensaje Y / 13:33:37:000 / pizzero(02) / outhorno /     50.00000 para top(01)
Mensaje D / 13:33:37:000 / pizzero(02) / ... para top(01)
Mensaje Y / 13:33:37:000 / top(01) / outhorno /     50.00000 para Root(00)
Mensaje D / 13:33:37:000 / top(01) / ... para Root(00)
Mensaje X / 13:36:00:000 / Root(00) / in /      2.00000 para top(01)
Mensaje X / 13:36:00:000 / top(01) / inpedidos /      2.00000 para pizzero(02)
Mensaje D / 13:36:00:000 / pizzero(02) / 00:00:41:000 para top(01)
Mensaje D / 13:36:00:000 / top(01) / 00:00:41:000 para Root(00)
Mensaje * / 13:36:41:000 / Root(00) para top(01)
Mensaje * / 13:36:41:000 / top(01) para pizzero(02)
Mensaje Y / 13:36:41:000 / pizzero(02) / outhorno /     50.00000 para top(01)
Mensaje D / 13:36:41:000 / pizzero(02) / ... para top(01)
Mensaje Y / 13:36:41:000 / top(01) / outhorno /     50.00000 para Root(00)
Mensaje D / 13:36:41:000 / top(01) / ... para Root(00)
Mensaje X / 13:39:00:000 / Root(00) / in /      1.00000 para top(01)
Mensaje X / 13:39:00:000 / top(01) / inpedidos /      1.00000 para pizzero(02)
Mensaje D / 13:39:00:000 / pizzero(02) / 00:00:37:000 para top(01)
Mensaje D / 13:39:00:000 / top(01) / 00:00:37:000 para Root(00)
Mensaje * / 13:39:37:000 / Root(00) para top(01)
Mensaje * / 13:39:37:000 / top(01) para pizzero(02)
Mensaje Y / 13:39:37:000 / pizzero(02) / outhorno /     50.00000 para top(01)
Mensaje D / 13:39:37:000 / pizzero(02) / ... para top(01)
Mensaje Y / 13:39:37:000 / top(01) / outhorno /     50.00000 para Root(00)
Mensaje D / 13:39:37:000 / top(01) / ... para Root(00)
Mensaje X / 13:42:00:000 / Root(00) / in /      2.00000 para top(01)
Mensaje X / 13:42:00:000 / top(01) / inpedidos /      2.00000 para pizzero(02)
Mensaje D / 13:42:00:000 / pizzero(02) / 00:00:41:000 para top(01)
Mensaje D / 13:42:00:000 / top(01) / 00:00:41:000 para Root(00)
Mensaje * / 13:42:41:000 / Root(00) para top(01)
Mensaje * / 13:42:41:000 / top(01) para pizzero(02)
Mensaje Y / 13:42:41:000 / pizzero(02) / outhorno /     50.00000 para top(01)
Mensaje D / 13:42:41:000 / pizzero(02) / ... para top(01)
Mensaje Y / 13:42:41:000 / top(01) / outhorno /     50.00000 para Root(00)
Mensaje D / 13:42:41:000 / top(01) / ... para Root(00)
Mensaje X / 13:45:00:000 / Root(00) / in /      1.00000 para top(01)
Mensaje X / 13:45:00:000 / top(01) / inpedidos /      1.00000 para pizzero(02)
Mensaje D / 13:45:00:000 / pizzero(02) / 00:00:37:000 para top(01)
Mensaje D / 13:45:00:000 / top(01) / 00:00:37:000 para Root(00)
Mensaje * / 13:45:37:000 / Root(00) para top(01)
Mensaje * / 13:45:37:000 / top(01) para pizzero(02)
Mensaje Y / 13:45:37:000 / pizzero(02) / outhorno /     50.00000 para top(01)
Mensaje D / 13:45:37:000 / pizzero(02) / ... para top(01)
Mensaje Y / 13:45:37:000 / top(01) / outhorno /     50.00000 para Root(00)
Mensaje D / 13:45:37:000 / top(01) / ... para Root(00)
Mensaje X / 13:48:00:000 / Root(00) / in /      2.00000 para top(01)
Mensaje X / 13:48:00:000 / top(01) / inpedidos /      2.00000 para pizzero(02)
Mensaje D / 13:48:00:000 / pizzero(02) / 00:00:41:000 para top(01)
Mensaje D / 13:48:00:000 / top(01) / 00:00:41:000 para Root(00)
Mensaje * / 13:48:41:000 / Root(00) para top(01)
Mensaje * / 13:48:41:000 / top(01) para pizzero(02)
Mensaje Y / 13:48:41:000 / pizzero(02) / outhorno /     50.00000 para top(01)
Mensaje D / 13:48:41:000 / pizzero(02) / ... para top(01)
Mensaje Y / 13:48:41:000 / top(01) / outhorno /     50.00000 para Root(00)
Mensaje D / 13:48:41:000 / top(01) / ... para Root(00)
